0 info it worked if it ends with ok
1 verbose cli [ '/usr/local/bin/node',
1 verbose cli   '/usr/local/bin/npm',
1 verbose cli   'install',
1 verbose cli   '-g',
1 verbose cli   'nodemon' ]
2 info using npm@6.9.0
3 info using node@v10.16.0
4 verbose npm-session 89929080c82ecc99
5 silly install loadCurrentTree
6 silly install readGlobalPackageData
7 http fetch GET 200 https://registry.npmjs.org/nodemon 431ms
8 silly pacote tag manifest for nodemon@latest fetched in 488ms
9 timing stage:loadCurrentTree Completed in 550ms
10 silly install loadIdealTree
11 silly install cloneCurrentTreeToIdealTree
12 timing stage:loadIdealTree:cloneCurrentTree Completed in 1ms
13 silly install loadShrinkwrap
14 timing stage:loadIdealTree:loadShrinkwrap Completed in 5ms
15 silly install loadAllDepsIntoIdealTree
16 silly resolveWithNewModule nodemon@1.19.1 checking installable status
17 http fetch GET 200 https://registry.npmjs.org/chokidar 164ms
18 silly pacote range manifest for chokidar@^2.1.5 fetched in 313ms
19 silly resolveWithNewModule chokidar@2.1.6 checking installable status
20 http fetch GET 200 https://registry.npmjs.org/touch 275ms
21 http fetch GET 200 https://registry.npmjs.org/ignore-by-default 323ms
22 http fetch GET 200 https://registry.npmjs.org/debug 325ms
23 http fetch GET 200 https://registry.npmjs.org/update-notifier 292ms
24 http fetch GET 200 https://registry.npmjs.org/semver 304ms
25 http fetch GET 200 https://registry.npmjs.org/minimatch 329ms
26 http fetch GET 200 https://registry.npmjs.org/supports-color 310ms
27 http fetch GET 200 https://registry.npmjs.org/undefsafe 305ms
28 http fetch GET 200 https://registry.npmjs.org/pstree.remy 396ms
29 silly pacote range manifest for touch@^3.1.0 fetched in 518ms
30 silly resolveWithNewModule touch@3.1.0 checking installable status
31 silly pacote range manifest for ignore-by-default@^1.0.1 fetched in 552ms
32 silly resolveWithNewModule ignore-by-default@1.0.1 checking installable status
33 silly pacote range manifest for debug@^3.1.0 fetched in 555ms
34 silly resolveWithNewModule debug@3.2.6 checking installable status
35 silly pacote range manifest for update-notifier@^2.5.0 fetched in 517ms
36 silly resolveWithNewModule update-notifier@2.5.0 checking installable status
37 silly pacote range manifest for semver@^5.5.0 fetched in 532ms
38 silly resolveWithNewModule semver@5.7.0 checking installable status
39 silly pacote range manifest for supports-color@^5.2.0 fetched in 551ms
40 silly resolveWithNewModule supports-color@5.5.0 checking installable status
41 silly pacote range manifest for undefsafe@^2.0.2 fetched in 545ms
42 silly resolveWithNewModule undefsafe@2.0.2 checking installable status
43 silly pacote range manifest for pstree.remy@^1.1.6 fetched in 599ms
44 silly resolveWithNewModule pstree.remy@1.1.7 checking installable status
45 http fetch GET 304 https://registry.npmjs.org/minimatch/-/minimatch-3.0.4.tgz 305ms (from cache)
46 silly pacote range manifest for minimatch@^3.0.4 fetched in 673ms
47 silly resolveWithNewModule minimatch@3.0.4 checking installable status
48 http fetch GET 200 https://registry.npmjs.org/is-glob 239ms
49 http fetch GET 200 https://registry.npmjs.org/async-each 269ms
50 http fetch GET 200 https://registry.npmjs.org/anymatch 276ms
51 http fetch GET 200 https://registry.npmjs.org/glob-parent 255ms
52 http fetch GET 200 https://registry.npmjs.org/readdirp 225ms
53 http fetch GET 200 https://registry.npmjs.org/path-is-absolute 240ms
54 http fetch GET 200 https://registry.npmjs.org/is-binary-path 272ms
55 http fetch GET 200 https://registry.npmjs.org/normalize-path 269ms
56 http fetch GET 200 https://registry.npmjs.org/braces 326ms
57 http fetch GET 200 https://registry.npmjs.org/inherits 320ms
58 silly pacote range manifest for async-each@^1.0.1 fetched in 597ms
59 silly resolveWithNewModule async-each@1.0.3 checking installable status
60 silly pacote range manifest for is-glob@^4.0.0 fetched in 573ms
61 silly resolveWithNewModule is-glob@4.0.1 checking installable status
62 silly pacote range manifest for readdirp@^2.2.1 fetched in 581ms
63 silly resolveWithNewModule readdirp@2.2.1 checking installable status
64 silly pacote range manifest for normalize-path@^3.0.0 fetched in 609ms
65 silly resolveWithNewModule normalize-path@3.0.0 checking installable status
66 silly pacote range manifest for braces@^2.3.2 fetched in 733ms
67 silly resolveWithNewModule braces@2.3.2 checking installable status
68 silly pacote range manifest for inherits@^2.0.3 fetched in 768ms
69 silly resolveWithNewModule inherits@2.0.4 checking installable status
70 http fetch GET 200 https://registry.npmjs.org/upath 248ms
71 http fetch GET 200 https://registry.npmjs.org/fsevents 265ms
72 http fetch GET 304 https://registry.npmjs.org/anymatch/-/anymatch-2.0.0.tgz 580ms (from cache)
73 http fetch GET 304 https://registry.npmjs.org/glob-parent/-/glob-parent-3.1.0.tgz 595ms (from cache)
74 http fetch GET 304 https://registry.npmjs.org/is-binary-path/-/is-binary-path-1.0.1.tgz 573ms (from cache)
75 http fetch GET 304 https://registry.npmjs.org/path-is-absolute/-/path-is-absolute-1.0.1.tgz 604ms (from cache)
76 silly pacote range manifest for upath@^1.1.1 fetched in 332ms
77 silly resolveWithNewModule upath@1.1.2 checking installable status
78 silly pacote range manifest for fsevents@^1.2.7 fetched in 334ms
79 silly resolveWithNewModule fsevents@1.2.9 checking installable status
80 silly tarball trying https://registry.npmjs.org/fsevents/-/fsevents-1.2.9.tgz by hash: sha512-oeyj2H3EjjonWcFjD5NvZNE9Rqe4UW+nQBU2HNeKw0koVLEFIhtyETyAakeAM3de7Z/SW5kcA+fZUait9EApnw==
81 silly pacote range manifest for anymatch@^2.0.0 fetched in 954ms
82 silly resolveWithNewModule anymatch@2.0.0 checking installable status
83 silly pacote range manifest for glob-parent@^3.1.0 fetched in 958ms
84 silly resolveWithNewModule glob-parent@3.1.0 checking installable status
85 silly pacote range manifest for is-binary-path@^1.0.0 fetched in 939ms
86 silly resolveWithNewModule is-binary-path@1.0.1 checking installable status
87 silly pacote range manifest for path-is-absolute@^1.0.0 fetched in 934ms
88 silly resolveWithNewModule path-is-absolute@1.0.1 checking installable status
89 silly extract https://registry.npmjs.org/fsevents/-/fsevents-1.2.9.tgz extracted to /var/folders/b0/jt5h1r853qd_47g87d93xp6h0000gn/T/npm-4277-7cc9d4ac/unpack-44ca4b68 (793ms)
90 silly addBundled read tarball
91 silly cleanup remove extracted module
92 silly pacote range manifest for normalize-path@^2.1.1 fetched in 26ms
93 silly resolveWithNewModule normalize-path@2.1.1 checking installable status
94 http fetch GET 200 https://registry.npmjs.org/micromatch 57ms
95 silly pacote range manifest for micromatch@^3.1.4 fetched in 67ms
96 silly resolveWithNewModule micromatch@3.1.10 checking installable status
97 http fetch GET 200 https://registry.npmjs.org/extend-shallow 152ms
98 http fetch GET 200 https://registry.npmjs.org/define-property 154ms
99 http fetch GET 200 https://registry.npmjs.org/nanomatch 153ms
100 http fetch GET 200 https://registry.npmjs.org/object.pick 155ms
101 http fetch GET 200 https://registry.npmjs.org/fragment-cache 170ms
102 http fetch GET 200 https://registry.npmjs.org/array-unique 183ms
103 http fetch GET 200 https://registry.npmjs.org/extglob 184ms
104 http fetch GET 200 https://registry.npmjs.org/regex-not 180ms
105 http fetch GET 200 https://registry.npmjs.org/kind-of 184ms
106 http fetch GET 200 https://registry.npmjs.org/arr-diff 301ms
107 silly pacote range manifest for define-property@^2.0.2 fetched in 301ms
108 silly resolveWithNewModule define-property@2.0.2 checking installable status
109 silly pacote range manifest for extend-shallow@^3.0.2 fetched in 302ms
110 silly resolveWithNewModule extend-shallow@3.0.2 checking installable status
111 silly pacote range manifest for object.pick@^1.3.0 fetched in 325ms
112 silly resolveWithNewModule object.pick@1.3.0 checking installable status
113 silly pacote range manifest for nanomatch@^1.2.9 fetched in 327ms
114 silly resolveWithNewModule nanomatch@1.2.13 checking installable status
115 silly pacote range manifest for fragment-cache@^0.2.1 fetched in 369ms
116 silly resolveWithNewModule fragment-cache@0.2.1 checking installable status
117 silly pacote range manifest for array-unique@^0.3.2 fetched in 374ms
118 silly resolveWithNewModule array-unique@0.3.2 checking installable status
119 silly pacote range manifest for extglob@^2.0.4 fetched in 385ms
120 silly resolveWithNewModule extglob@2.0.4 checking installable status
121 silly pacote range manifest for regex-not@^1.0.0 fetched in 395ms
122 silly resolveWithNewModule regex-not@1.0.2 checking installable status
123 silly pacote range manifest for arr-diff@^4.0.0 fetched in 429ms
124 silly resolveWithNewModule arr-diff@4.0.0 checking installable status
125 http fetch GET 200 https://registry.npmjs.org/snapdragon 122ms
126 http fetch GET 200 https://registry.npmjs.org/to-regex 126ms
127 http fetch GET 304 https://registry.npmjs.org/kind-of/-/kind-of-6.0.2.tgz 239ms (from cache)
128 silly pacote range manifest for snapdragon@^0.8.1 fetched in 153ms
129 silly resolveWithNewModule snapdragon@0.8.2 checking installable status
130 silly pacote range manifest for to-regex@^3.0.2 fetched in 154ms
131 silly resolveWithNewModule to-regex@3.0.2 checking installable status
132 silly pacote range manifest for kind-of@^6.0.2 fetched in 460ms
133 silly resolveWithNewModule kind-of@6.0.2 checking installable status
134 silly pacote range manifest for extend-shallow@^2.0.1 fetched in 59ms
135 silly resolveWithNewModule extend-shallow@2.0.1 checking installable status
136 http fetch GET 200 https://registry.npmjs.org/fill-range 154ms
137 http fetch GET 200 https://registry.npmjs.org/isobject 169ms
138 http fetch GET 200 https://registry.npmjs.org/arr-flatten 172ms
139 http fetch GET 200 https://registry.npmjs.org/snapdragon-node 174ms
140 http fetch GET 200 https://registry.npmjs.org/repeat-element 176ms
141 http fetch GET 200 https://registry.npmjs.org/split-string 212ms
142 silly pacote range manifest for arr-flatten@^1.1.0 fetched in 279ms
143 silly resolveWithNewModule arr-flatten@1.1.0 checking installable status
144 silly pacote range manifest for repeat-element@^1.1.2 fetched in 296ms
145 silly resolveWithNewModule repeat-element@1.1.3 checking installable status
146 http fetch GET 304 https://registry.npmjs.org/isobject/-/isobject-3.0.1.tgz 154ms (from cache)
147 http fetch GET 304 https://registry.npmjs.org/fill-range/-/fill-range-4.0.0.tgz 176ms (from cache)
148 http fetch GET 304 https://registry.npmjs.org/snapdragon-node/-/snapdragon-node-2.1.1.tgz 132ms (from cache)
149 silly pacote range manifest for isobject@^3.0.1 fetched in 369ms
150 silly resolveWithNewModule isobject@3.0.1 checking installable status
151 http fetch GET 304 https://registry.npmjs.org/split-string/-/split-string-3.1.0.tgz 146ms (from cache)
152 silly pacote range manifest for fill-range@^4.0.0 fetched in 388ms
153 silly resolveWithNewModule fill-range@4.0.0 checking installable status
154 silly pacote range manifest for snapdragon-node@^2.0.1 fetched in 387ms
155 silly resolveWithNewModule snapdragon-node@2.1.1 checking installable status
156 silly pacote range manifest for split-string@^3.0.2 fetched in 390ms
157 silly resolveWithNewModule split-string@3.1.0 checking installable status
158 http fetch GET 200 https://registry.npmjs.org/is-extendable 33ms
159 silly pacote range manifest for is-extendable@^0.1.0 fetched in 50ms
160 silly resolveWithNewModule is-extendable@0.1.1 checking installable status
161 silly pacote range manifest for extend-shallow@^2.0.1 fetched in 6ms
162 silly resolveWithNewModule extend-shallow@2.0.1 checking installable status
163 http fetch GET 200 https://registry.npmjs.org/repeat-string 60ms
164 http fetch GET 200 https://registry.npmjs.org/to-regex-range 69ms
165 http fetch GET 200 https://registry.npmjs.org/is-number 87ms
166 silly pacote range manifest for repeat-string@^1.6.1 fetched in 119ms
167 silly resolveWithNewModule repeat-string@1.6.1 checking installable status
168 silly pacote range manifest for is-number@^3.0.0 fetched in 122ms
169 silly resolveWithNewModule is-number@3.0.0 checking installable status
170 http fetch GET 304 https://registry.npmjs.org/to-regex-range/-/to-regex-range-2.1.1.tgz 62ms (from cache)
171 silly pacote range manifest for to-regex-range@^2.1.0 fetched in 155ms
172 silly resolveWithNewModule to-regex-range@2.1.1 checking installable status
173 http fetch GET 304 https://registry.npmjs.org/kind-of/-/kind-of-3.2.2.tgz 89ms (from cache)
174 silly pacote range manifest for kind-of@^3.0.2 fetched in 116ms
175 silly resolveWithNewModule kind-of@3.2.2 checking installable status
176 http fetch GET 200 https://registry.npmjs.org/is-buffer 41ms
177 silly pacote range manifest for is-buffer@^1.1.5 fetched in 76ms
178 silly resolveWithNewModule is-buffer@1.1.6 checking installable status
179 silly pacote range manifest for extend-shallow@^2.0.1 fetched in 23ms
180 silly resolveWithNewModule extend-shallow@2.0.1 checking installable status
181 silly pacote range manifest for define-property@^0.2.5 fetched in 29ms
182 silly resolveWithNewModule define-property@0.2.5 checking installable status
183 http fetch GET 200 https://registry.npmjs.org/source-map 95ms
184 http fetch GET 200 https://registry.npmjs.org/map-cache 114ms
185 http fetch GET 200 https://registry.npmjs.org/source-map-resolve 114ms
186 http fetch GET 200 https://registry.npmjs.org/base 124ms
187 http fetch GET 200 https://registry.npmjs.org/use 149ms
188 http fetch GET 304 https://registry.npmjs.org/debug/-/debug-2.6.9.tgz 165ms (from cache)
189 silly pacote range manifest for source-map-resolve@^0.5.0 fetched in 183ms
190 silly resolveWithNewModule source-map-resolve@0.5.2 checking installable status
191 silly pacote range manifest for base@^0.11.1 fetched in 186ms
192 silly resolveWithNewModule base@0.11.2 checking installable status
193 silly pacote range manifest for use@^3.1.0 fetched in 186ms
194 silly resolveWithNewModule use@3.1.1 checking installable status
195 silly pacote range manifest for debug@^2.2.0 fetched in 211ms
196 silly resolveWithNewModule debug@2.6.9 checking installable status
197 http fetch GET 304 https://registry.npmjs.org/map-cache/-/map-cache-0.2.2.tgz 103ms (from cache)
198 silly pacote range manifest for map-cache@^0.2.2 fetched in 265ms
199 silly resolveWithNewModule map-cache@0.2.2 checking installable status
200 http fetch GET 304 https://registry.npmjs.org/source-map/-/source-map-0.5.7.tgz 159ms (from cache)
201 silly pacote range manifest for source-map@^0.5.6 fetched in 297ms
202 silly resolveWithNewModule source-map@0.5.7 checking installable status
203 silly pacote range manifest for define-property@^1.0.0 fetched in 25ms
204 silly resolveWithNewModule define-property@1.0.0 checking installable status
205 http fetch GET 200 https://registry.npmjs.org/mixin-deep 81ms
206 http fetch GET 200 https://registry.npmjs.org/cache-base 86ms
207 http fetch GET 200 https://registry.npmjs.org/class-utils 88ms
208 http fetch GET 200 https://registry.npmjs.org/pascalcase 90ms
209 http fetch GET 200 https://registry.npmjs.org/component-emitter 93ms
210 silly pacote range manifest for mixin-deep@^1.2.0 fetched in 115ms
211 silly resolveWithNewModule mixin-deep@1.3.2 checking installable status
212 silly pacote range manifest for cache-base@^1.0.1 fetched in 122ms
213 silly resolveWithNewModule cache-base@1.0.1 checking installable status
214 silly pacote range manifest for class-utils@^0.3.5 fetched in 123ms
215 silly resolveWithNewModule class-utils@0.3.6 checking installable status
216 silly pacote range manifest for pascalcase@^0.1.1 fetched in 123ms
217 silly resolveWithNewModule pascalcase@0.1.1 checking installable status
218 silly pacote range manifest for component-emitter@^1.2.1 fetched in 125ms
219 silly resolveWithNewModule component-emitter@1.3.0 checking installable status
220 http fetch GET 200 https://registry.npmjs.org/has-value 111ms
221 http fetch GET 200 https://registry.npmjs.org/collection-visit 114ms
222 http fetch GET 200 https://registry.npmjs.org/unset-value 111ms
223 http fetch GET 200 https://registry.npmjs.org/set-value 115ms
224 http fetch GET 200 https://registry.npmjs.org/to-object-path 115ms
225 http fetch GET 200 https://registry.npmjs.org/union-value 114ms
226 http fetch GET 200 https://registry.npmjs.org/get-value 121ms
227 silly pacote range manifest for unset-value@^1.0.0 fetched in 146ms
228 silly resolveWithNewModule unset-value@1.0.0 checking installable status
229 silly pacote range manifest for has-value@^1.0.0 fetched in 149ms
230 silly resolveWithNewModule has-value@1.0.0 checking installable status
231 silly pacote range manifest for collection-visit@^1.0.0 fetched in 153ms
232 silly resolveWithNewModule collection-visit@1.0.0 checking installable status
233 silly pacote range manifest for to-object-path@^0.3.0 fetched in 150ms
234 silly resolveWithNewModule to-object-path@0.3.0 checking installable status
235 silly pacote range manifest for union-value@^1.0.0 fetched in 154ms
236 silly resolveWithNewModule union-value@1.0.1 checking installable status
237 silly pacote range manifest for set-value@^2.0.0 fetched in 156ms
238 silly resolveWithNewModule set-value@2.0.1 checking installable status
239 silly pacote range manifest for get-value@^2.0.6 fetched in 158ms
240 silly resolveWithNewModule get-value@2.0.6 checking installable status
241 http fetch GET 200 https://registry.npmjs.org/map-visit 80ms
242 http fetch GET 200 https://registry.npmjs.org/object-visit 65ms
243 silly pacote range manifest for object-visit@^1.0.0 fetched in 90ms
244 silly resolveWithNewModule object-visit@1.0.1 checking installable status
245 silly pacote range manifest for map-visit@^1.0.0 fetched in 108ms
246 silly resolveWithNewModule map-visit@1.0.0 checking installable status
247 http fetch GET 200 https://registry.npmjs.org/has-values 56ms
248 silly pacote range manifest for has-values@^1.0.0 fetched in 62ms
249 silly resolveWithNewModule has-values@1.0.0 checking installable status
250 http fetch GET 304 https://registry.npmjs.org/kind-of/-/kind-of-4.0.0.tgz 43ms (from cache)
251 silly pacote range manifest for kind-of@^4.0.0 fetched in 59ms
252 silly resolveWithNewModule kind-of@4.0.0 checking installable status
253 silly pacote range manifest for extend-shallow@^2.0.1 fetched in 5ms
254 silly resolveWithNewModule extend-shallow@2.0.1 checking installable status
255 http fetch GET 200 https://registry.npmjs.org/is-plain-object 62ms
256 http fetch GET 304 https://registry.npmjs.org/is-plain-object/-/is-plain-object-2.0.4.tgz 234ms (from cache)
257 silly pacote range manifest for is-plain-object@^2.0.3 fetched in 304ms
258 silly resolveWithNewModule is-plain-object@2.0.4 checking installable status
259 silly pacote range manifest for is-extendable@^1.0.1 fetched in 20ms
260 silly resolveWithNewModule is-extendable@1.0.1 checking installable status
261 http fetch GET 200 https://registry.npmjs.org/assign-symbols 52ms
262 http fetch GET 304 https://registry.npmjs.org/assign-symbols/-/assign-symbols-1.0.0.tgz 38ms (from cache)
263 silly pacote range manifest for assign-symbols@^1.0.0 fetched in 95ms
264 silly resolveWithNewModule assign-symbols@1.0.0 checking installable status
265 silly pacote range manifest for kind-of@^3.0.2 fetched in 2ms
266 silly resolveWithNewModule kind-of@3.2.2 checking installable status
267 http fetch GET 200 https://registry.npmjs.org/arr-union 61ms
268 silly pacote range manifest for arr-union@^3.1.0 fetched in 66ms
269 silly resolveWithNewModule arr-union@3.1.0 checking installable status
270 silly pacote range manifest for has-value@^0.3.1 fetched in 15ms
271 silly resolveWithNewModule has-value@0.3.1 checking installable status
272 silly pacote range manifest for has-values@^0.1.4 fetched in 7ms
273 silly resolveWithNewModule has-values@0.1.4 checking installable status
274 http fetch GET 304 https://registry.npmjs.org/isobject/-/isobject-2.1.0.tgz 101ms (from cache)
275 silly pacote range manifest for isobject@^2.0.0 fetched in 106ms
276 silly resolveWithNewModule isobject@2.1.0 checking installable status
277 http fetch GET 200 https://registry.npmjs.org/isarray 43ms
278 http fetch GET 304 https://registry.npmjs.org/isarray/-/isarray-1.0.0.tgz 56ms (from cache)
279 silly pacote version manifest for isarray@1.0.0 fetched in 116ms
280 silly resolveWithNewModule isarray@1.0.0 checking installable status
281 silly pacote range manifest for define-property@^0.2.5 fetched in 15ms
282 silly resolveWithNewModule define-property@0.2.5 checking installable status
283 http fetch GET 200 https://registry.npmjs.org/static-extend 51ms
284 silly pacote range manifest for static-extend@^0.1.1 fetched in 56ms
285 silly resolveWithNewModule static-extend@0.1.2 checking installable status
286 http fetch GET 200 https://registry.npmjs.org/is-descriptor 27ms
287 http fetch GET 304 https://registry.npmjs.org/is-descriptor/-/is-descriptor-0.1.6.tgz 64ms (from cache)
288 silly pacote range manifest for is-descriptor@^0.1.0 fetched in 111ms
289 silly resolveWithNewModule is-descriptor@0.1.6 checking installable status
290 http fetch GET 200 https://registry.npmjs.org/is-accessor-descriptor 31ms
291 http fetch GET 200 https://registry.npmjs.org/is-data-descriptor 65ms
292 http fetch GET 304 https://registry.npmjs.org/kind-of/-/kind-of-5.1.0.tgz 79ms (from cache)
293 http fetch GET 304 https://registry.npmjs.org/is-accessor-descriptor/-/is-accessor-descriptor-0.1.6.tgz 58ms (from cache)
294 silly pacote range manifest for kind-of@^5.0.0 fetched in 90ms
295 silly resolveWithNewModule kind-of@5.1.0 checking installable status
296 silly pacote range manifest for is-accessor-descriptor@^0.1.6 fetched in 95ms
297 silly resolveWithNewModule is-accessor-descriptor@0.1.6 checking installable status
298 http fetch GET 304 https://registry.npmjs.org/is-data-descriptor/-/is-data-descriptor-0.1.4.tgz 55ms (from cache)
299 silly pacote range manifest for is-data-descriptor@^0.1.4 fetched in 125ms
300 silly resolveWithNewModule is-data-descriptor@0.1.4 checking installable status
301 silly pacote range manifest for kind-of@^3.0.2 fetched in 2ms
302 silly resolveWithNewModule kind-of@3.2.2 checking installable status
303 silly pacote range manifest for kind-of@^3.0.2 fetched in 3ms
304 silly resolveWithNewModule kind-of@3.2.2 checking installable status
305 silly pacote range manifest for define-property@^0.2.5 fetched in 3ms
306 silly resolveWithNewModule define-property@0.2.5 checking installable status
307 http fetch GET 200 https://registry.npmjs.org/object-copy 26ms
308 silly pacote range manifest for object-copy@^0.1.0 fetched in 33ms
309 silly resolveWithNewModule object-copy@0.1.0 checking installable status
310 silly pacote range manifest for define-property@^0.2.5 fetched in 16ms
311 silly resolveWithNewModule define-property@0.2.5 checking installable status
312 silly pacote range manifest for kind-of@^3.0.3 fetched in 18ms
313 silly resolveWithNewModule kind-of@3.2.2 checking installable status
314 http fetch GET 200 https://registry.npmjs.org/copy-descriptor 51ms
315 silly pacote range manifest for copy-descriptor@^0.1.0 fetched in 55ms
316 silly resolveWithNewModule copy-descriptor@0.1.1 checking installable status
317 http fetch GET 304 https://registry.npmjs.org/is-descriptor/-/is-descriptor-1.0.2.tgz 49ms (from cache)
318 silly pacote range manifest for is-descriptor@^1.0.0 fetched in 54ms
319 silly resolveWithNewModule is-descriptor@1.0.2 checking installable status
320 http fetch GET 304 https://registry.npmjs.org/is-accessor-descriptor/-/is-accessor-descriptor-1.0.0.tgz 38ms (from cache)
321 http fetch GET 304 https://registry.npmjs.org/is-data-descriptor/-/is-data-descriptor-1.0.0.tgz 54ms (from cache)
322 silly pacote range manifest for is-accessor-descriptor@^1.0.0 fetched in 60ms
323 silly resolveWithNewModule is-accessor-descriptor@1.0.0 checking installable status
324 silly pacote range manifest for is-data-descriptor@^1.0.0 fetched in 63ms
325 silly resolveWithNewModule is-data-descriptor@1.0.0 checking installable status
326 silly pacote range manifest for is-extendable@^1.0.1 fetched in 13ms
327 silly resolveWithNewModule is-extendable@1.0.1 checking installable status
328 http fetch GET 200 https://registry.npmjs.org/for-in 47ms
329 silly pacote range manifest for for-in@^1.0.2 fetched in 50ms
330 silly resolveWithNewModule for-in@1.0.2 checking installable status
331 http fetch GET 200 https://registry.npmjs.org/ms 27ms
332 http fetch GET 304 https://registry.npmjs.org/ms/-/ms-2.0.0.tgz 40ms (from cache)
333 silly pacote version manifest for ms@2.0.0 fetched in 83ms
334 silly resolveWithNewModule ms@2.0.0 checking installable status
335 http fetch GET 200 https://registry.npmjs.org/resolve-url 50ms
336 http fetch GET 200 https://registry.npmjs.org/source-map-url 51ms
337 http fetch GET 200 https://registry.npmjs.org/decode-uri-component 54ms
338 http fetch GET 200 https://registry.npmjs.org/urix 54ms
339 http fetch GET 200 https://registry.npmjs.org/atob 57ms
340 silly pacote range manifest for source-map-url@^0.4.0 fetched in 64ms
341 silly resolveWithNewModule source-map-url@0.4.0 checking installable status
342 silly pacote range manifest for resolve-url@^0.2.1 fetched in 65ms
343 silly resolveWithNewModule resolve-url@0.2.1 checking installable status
344 silly pacote range manifest for decode-uri-component@^0.2.0 fetched in 67ms
345 silly resolveWithNewModule decode-uri-component@0.2.0 checking installable status
346 silly pacote range manifest for urix@^0.1.0 fetched in 66ms
347 silly resolveWithNewModule urix@0.1.0 checking installable status
348 silly pacote range manifest for atob@^2.1.1 fetched in 68ms
349 silly resolveWithNewModule atob@2.1.2 checking installable status
350 silly pacote range manifest for define-property@^1.0.0 fetched in 16ms
351 silly resolveWithNewModule define-property@1.0.0 checking installable status
352 http fetch GET 200 https://registry.npmjs.org/snapdragon-util 49ms
353 silly pacote range manifest for snapdragon-util@^3.0.1 fetched in 55ms
354 silly resolveWithNewModule snapdragon-util@3.0.1 checking installable status
355 silly pacote range manifest for is-descriptor@^1.0.0 fetched in 1ms
356 silly resolveWithNewModule is-descriptor@1.0.2 checking installable status
357 silly pacote range manifest for is-accessor-descriptor@^1.0.0 fetched in 5ms
358 silly resolveWithNewModule is-accessor-descriptor@1.0.0 checking installable status
359 silly pacote range manifest for is-data-descriptor@^1.0.0 fetched in 6ms
360 silly resolveWithNewModule is-data-descriptor@1.0.0 checking installable status
361 silly pacote range manifest for kind-of@^3.2.0 fetched in 2ms
362 silly resolveWithNewModule kind-of@3.2.2 checking installable status
363 http fetch GET 200 https://registry.npmjs.org/safe-regex 37ms
364 http fetch GET 304 https://registry.npmjs.org/safe-regex/-/safe-regex-1.1.0.tgz 33ms (from cache)
365 silly pacote range manifest for safe-regex@^1.1.0 fetched in 75ms
366 silly resolveWithNewModule safe-regex@1.1.0 checking installable status
367 silly pacote range manifest for is-descriptor@^1.0.2 fetched in 15ms
368 silly resolveWithNewModule is-descriptor@1.0.2 checking installable status
369 silly pacote range manifest for is-accessor-descriptor@^1.0.0 fetched in 2ms
370 silly resolveWithNewModule is-accessor-descriptor@1.0.0 checking installable status
371 silly pacote range manifest for is-data-descriptor@^1.0.0 fetched in 3ms
372 silly resolveWithNewModule is-data-descriptor@1.0.0 checking installable status
373 http fetch GET 200 https://registry.npmjs.org/ret 85ms
374 http fetch GET 304 https://registry.npmjs.org/ret/-/ret-0.1.15.tgz 33ms (from cache)
375 silly pacote range manifest for ret@~0.1.10 fetched in 124ms
376 silly resolveWithNewModule ret@0.1.15 checking installable status
377 silly pacote range manifest for define-property@^1.0.0 fetched in 10ms
378 silly resolveWithNewModule define-property@1.0.0 checking installable status
379 silly pacote range manifest for extend-shallow@^2.0.1 fetched in 10ms
380 silly resolveWithNewModule extend-shallow@2.0.1 checking installable status
381 http fetch GET 200 https://registry.npmjs.org/expand-brackets 40ms
382 silly pacote range manifest for expand-brackets@^2.1.4 fetched in 56ms
383 silly resolveWithNewModule expand-brackets@2.1.4 checking installable status
384 silly pacote range manifest for is-descriptor@^1.0.0 fetched in 3ms
385 silly resolveWithNewModule is-descriptor@1.0.2 checking installable status
386 silly pacote range manifest for is-accessor-descriptor@^1.0.0 fetched in 2ms
387 silly resolveWithNewModule is-accessor-descriptor@1.0.0 checking installable status
388 silly pacote range manifest for is-data-descriptor@^1.0.0 fetched in 2ms
389 silly resolveWithNewModule is-data-descriptor@1.0.0 checking installable status
390 silly pacote range manifest for debug@^2.3.3 fetched in 8ms
391 silly resolveWithNewModule debug@2.6.9 checking installable status
392 silly pacote range manifest for define-property@^0.2.5 fetched in 8ms
393 silly resolveWithNewModule define-property@0.2.5 checking installable status
394 silly pacote range manifest for extend-shallow@^2.0.1 fetched in 9ms
395 silly resolveWithNewModule extend-shallow@2.0.1 checking installable status
396 http fetch GET 200 https://registry.npmjs.org/posix-character-classes 34ms
397 silly pacote range manifest for posix-character-classes@^0.1.0 fetched in 38ms
398 silly resolveWithNewModule posix-character-classes@0.1.1 checking installable status
399 http fetch GET 200 https://registry.npmjs.org/is-windows 37ms
400 silly pacote range manifest for is-windows@^1.0.2 fetched in 52ms
401 silly resolveWithNewModule is-windows@1.0.2 checking installable status
402 http fetch GET 200 https://registry.npmjs.org/remove-trailing-separator 37ms
403 silly pacote range manifest for remove-trailing-separator@^1.0.1 fetched in 51ms
404 silly resolveWithNewModule remove-trailing-separator@1.1.0 checking installable status
405 http fetch GET 200 https://registry.npmjs.org/nan 119ms
406 silly pacote range manifest for nan@^2.12.1 fetched in 125ms
407 silly resolveWithNewModule nan@2.14.0 checking installable status
408 http fetch GET 200 https://registry.npmjs.org/path-dirname 69ms
409 http fetch GET 304 https://registry.npmjs.org/is-glob/-/is-glob-3.1.0.tgz 66ms (from cache)
410 silly pacote range manifest for is-glob@^3.1.0 fetched in 108ms
411 silly resolveWithNewModule is-glob@3.1.0 checking installable status
412 http fetch GET 304 https://registry.npmjs.org/path-dirname/-/path-dirname-1.0.2.tgz 39ms (from cache)
413 silly pacote range manifest for path-dirname@^1.0.0 fetched in 125ms
414 silly resolveWithNewModule path-dirname@1.0.2 checking installable status
415 http fetch GET 200 https://registry.npmjs.org/is-extglob 32ms
416 silly pacote range manifest for is-extglob@^2.1.0 fetched in 37ms
417 silly resolveWithNewModule is-extglob@2.1.1 checking installable status
418 http fetch GET 200 https://registry.npmjs.org/binary-extensions 36ms
419 silly pacote range manifest for binary-extensions@^1.0.0 fetched in 52ms
420 silly resolveWithNewModule binary-extensions@1.13.1 checking installable status
421 http fetch GET 200 https://registry.npmjs.org/graceful-fs 55ms
422 http fetch GET 200 https://registry.npmjs.org/readable-stream 59ms
423 silly pacote range manifest for graceful-fs@^4.1.11 fetched in 95ms
424 silly resolveWithNewModule graceful-fs@4.2.0 checking installable status
425 silly pacote range manifest for readable-stream@^2.0.2 fetched in 95ms
426 silly resolveWithNewModule readable-stream@2.3.6 checking installable status
427 http fetch GET 200 https://registry.npmjs.org/util-deprecate 34ms
428 http fetch GET 200 https://registry.npmjs.org/core-util-is 61ms
429 http fetch GET 200 https://registry.npmjs.org/safe-buffer 62ms
430 silly pacote range manifest for util-deprecate@~1.0.1 fetched in 65ms
431 silly resolveWithNewModule util-deprecate@1.0.2 checking installable status
432 http fetch GET 200 https://registry.npmjs.org/string_decoder 69ms
433 silly pacote range manifest for core-util-is@~1.0.0 fetched in 89ms
434 silly resolveWithNewModule core-util-is@1.0.2 checking installable status
435 http fetch GET 200 https://registry.npmjs.org/process-nextick-args 89ms
436 silly pacote range manifest for safe-buffer@~5.1.1 fetched in 76ms
437 silly resolveWithNewModule safe-buffer@5.1.2 checking installable status
438 silly pacote range manifest for string_decoder@~1.1.1 fetched in 90ms
439 silly resolveWithNewModule string_decoder@1.1.1 checking installable status
440 silly pacote range manifest for process-nextick-args@~2.0.0 fetched in 106ms
441 silly resolveWithNewModule process-nextick-args@2.0.1 checking installable status
442 silly pacote range manifest for ms@^2.1.1 fetched in 5ms
443 silly resolveWithNewModule ms@2.1.2 checking installable status
444 http fetch GET 200 https://registry.npmjs.org/brace-expansion 30ms
445 silly pacote range manifest for brace-expansion@^1.1.7 fetched in 50ms
446 silly resolveWithNewModule brace-expansion@1.1.11 checking installable status
447 http fetch GET 200 https://registry.npmjs.org/balanced-match 38ms
448 http fetch GET 200 https://registry.npmjs.org/concat-map 38ms
449 silly pacote version manifest for concat-map@0.0.1 fetched in 58ms
450 silly resolveWithNewModule concat-map@0.0.1 checking installable status
451 silly pacote range manifest for balanced-match@^1.0.0 fetched in 59ms
452 silly resolveWithNewModule balanced-match@1.0.0 checking installable status
453 http fetch GET 200 https://registry.npmjs.org/has-flag 34ms
454 http fetch GET 304 https://registry.npmjs.org/has-flag/-/has-flag-3.0.0.tgz 56ms (from cache)
455 silly pacote range manifest for has-flag@^3.0.0 fetched in 96ms
456 silly resolveWithNewModule has-flag@3.0.0 checking installable status
457 http fetch GET 200 https://registry.npmjs.org/nopt 35ms
458 silly pacote range manifest for nopt@~1.0.10 fetched in 53ms
459 silly resolveWithNewModule nopt@1.0.10 checking installable status
460 http fetch GET 200 https://registry.npmjs.org/abbrev 32ms
461 silly pacote range manifest for abbrev@1 fetched in 37ms
462 silly resolveWithNewModule abbrev@1.1.1 checking installable status
463 silly pacote range manifest for debug@^2.2.0 fetched in 19ms
464 silly resolveWithNewModule debug@2.6.9 checking installable status
465 http fetch GET 200 https://registry.npmjs.org/latest-version 113ms
466 http fetch GET 200 https://registry.npmjs.org/is-installed-globally 123ms
467 http fetch GET 200 https://registry.npmjs.org/semver-diff 115ms
468 http fetch GET 200 https://registry.npmjs.org/chalk 147ms
469 http fetch GET 200 https://registry.npmjs.org/xdg-basedir 119ms
470 http fetch GET 200 https://registry.npmjs.org/import-lazy 146ms
471 http fetch GET 200 https://registry.npmjs.org/boxen 150ms
472 http fetch GET 200 https://registry.npmjs.org/is-ci 131ms
473 http fetch GET 200 https://registry.npmjs.org/is-npm 130ms
474 http fetch GET 200 https://registry.npmjs.org/configstore 170ms
475 silly pacote range manifest for is-ci@^1.0.10 fetched in 275ms
476 silly resolveWithNewModule is-ci@1.2.1 checking installable status
477 silly pacote range manifest for chalk@^2.0.1 fetched in 293ms
478 silly resolveWithNewModule chalk@2.4.2 checking installable status
479 silly pacote range manifest for configstore@^3.0.0 fetched in 296ms
480 silly resolveWithNewModule configstore@3.1.2 checking installable status
481 http fetch GET 200 https://registry.npmjs.org/latest-version/-/latest-version-3.1.0.tgz 147ms
482 http fetch GET 200 https://registry.npmjs.org/semver-diff/-/semver-diff-2.1.0.tgz 155ms
483 http fetch GET 200 https://registry.npmjs.org/is-installed-globally/-/is-installed-globally-0.1.0.tgz 158ms
484 http fetch GET 200 https://registry.npmjs.org/xdg-basedir/-/xdg-basedir-3.0.0.tgz 153ms
485 http fetch GET 200 https://registry.npmjs.org/is-npm/-/is-npm-1.0.0.tgz 154ms
486 http fetch GET 200 https://registry.npmjs.org/import-lazy/-/import-lazy-2.1.0.tgz 157ms
487 http fetch GET 200 https://registry.npmjs.org/boxen/-/boxen-1.3.0.tgz 156ms
488 silly pacote range manifest for latest-version@^3.0.0 fetched in 336ms
489 silly resolveWithNewModule latest-version@3.1.0 checking installable status
490 silly pacote range manifest for is-installed-globally@^0.1.0 fetched in 344ms
491 silly resolveWithNewModule is-installed-globally@0.1.0 checking installable status
492 silly pacote range manifest for semver-diff@^2.0.0 fetched in 335ms
493 silly resolveWithNewModule semver-diff@2.1.0 checking installable status
494 silly pacote range manifest for xdg-basedir@^3.0.0 fetched in 336ms
495 silly resolveWithNewModule xdg-basedir@3.0.0 checking installable status
496 silly pacote range manifest for is-npm@^1.0.0 fetched in 347ms
497 silly resolveWithNewModule is-npm@1.0.0 checking installable status
498 silly pacote range manifest for boxen@^1.2.1 fetched in 384ms
499 silly resolveWithNewModule boxen@1.3.0 checking installable status
500 silly pacote range manifest for import-lazy@^2.1.0 fetched in 386ms
501 silly resolveWithNewModule import-lazy@2.1.0 checking installable status
502 http fetch GET 200 https://registry.npmjs.org/ansi-align 124ms
503 http fetch GET 200 https://registry.npmjs.org/widest-line 121ms
504 http fetch GET 200 https://registry.npmjs.org/term-size 123ms
505 http fetch GET 200 https://registry.npmjs.org/cli-boxes 144ms
506 http fetch GET 200 https://registry.npmjs.org/camelcase 146ms
507 http fetch GET 200 https://registry.npmjs.org/string-width 130ms
508 silly pacote range manifest for widest-line@^2.0.0 fetched in 187ms
509 silly resolveWithNewModule widest-line@2.0.1 checking installable status
510 http fetch GET 200 https://registry.npmjs.org/ansi-align/-/ansi-align-2.0.0.tgz 92ms
511 http fetch GET 200 https://registry.npmjs.org/term-size/-/term-size-1.2.0.tgz 88ms
512 http fetch GET 200 https://registry.npmjs.org/cli-boxes/-/cli-boxes-1.0.0.tgz 91ms
513 silly pacote range manifest for ansi-align@^2.0.0 fetched in 266ms
514 silly resolveWithNewModule ansi-align@2.0.0 checking installable status
515 http fetch GET 304 https://registry.npmjs.org/camelcase/-/camelcase-4.1.0.tgz 116ms (from cache)
516 silly pacote range manifest for term-size@^1.2.0 fetched in 248ms
517 silly resolveWithNewModule term-size@1.2.0 checking installable status
518 http fetch GET 304 https://registry.npmjs.org/string-width/-/string-width-2.1.1.tgz 116ms (from cache)
519 silly pacote range manifest for cli-boxes@^1.0.0 fetched in 271ms
520 silly resolveWithNewModule cli-boxes@1.0.0 checking installable status
521 silly pacote range manifest for camelcase@^4.0.0 fetched in 275ms
522 silly resolveWithNewModule camelcase@4.1.0 checking installable status
523 silly pacote range manifest for string-width@^2.0.0 fetched in 258ms
524 silly resolveWithNewModule string-width@2.1.1 checking installable status
525 http fetch GET 200 https://registry.npmjs.org/strip-ansi 44ms
526 http fetch GET 200 https://registry.npmjs.org/is-fullwidth-code-point 46ms
527 http fetch GET 304 https://registry.npmjs.org/is-fullwidth-code-point/-/is-fullwidth-code-point-2.0.0.tgz 43ms (from cache)
528 http fetch GET 304 https://registry.npmjs.org/strip-ansi/-/strip-ansi-4.0.0.tgz 58ms (from cache)
529 silly pacote range manifest for is-fullwidth-code-point@^2.0.0 fetched in 129ms
530 silly resolveWithNewModule is-fullwidth-code-point@2.0.0 checking installable status
531 silly pacote range manifest for strip-ansi@^4.0.0 fetched in 130ms
532 silly resolveWithNewModule strip-ansi@4.0.0 checking installable status
533 http fetch GET 200 https://registry.npmjs.org/ansi-regex 29ms
534 http fetch GET 304 https://registry.npmjs.org/ansi-regex/-/ansi-regex-3.0.0.tgz 35ms (from cache)
535 silly pacote range manifest for ansi-regex@^3.0.0 fetched in 83ms
536 silly resolveWithNewModule ansi-regex@3.0.0 checking installable status
537 http fetch GET 200 https://registry.npmjs.org/ansi-styles 34ms
538 silly pacote range manifest for ansi-styles@^3.2.1 fetched in 56ms
539 silly resolveWithNewModule ansi-styles@3.2.1 checking installable status
540 http fetch GET 200 https://registry.npmjs.org/escape-string-regexp 57ms
541 http fetch GET 304 https://registry.npmjs.org/escape-string-regexp/-/escape-string-regexp-1.0.5.tgz 54ms (from cache)
542 silly pacote range manifest for escape-string-regexp@^1.0.5 fetched in 118ms
543 silly resolveWithNewModule escape-string-regexp@1.0.5 checking installable status
544 http fetch GET 200 https://registry.npmjs.org/color-convert 57ms
545 silly pacote range manifest for color-convert@^1.9.0 fetched in 63ms
546 silly resolveWithNewModule color-convert@1.9.3 checking installable status
547 http fetch GET 200 https://registry.npmjs.org/color-name 48ms
548 http fetch GET 304 https://registry.npmjs.org/color-name/-/color-name-1.1.3.tgz 41ms (from cache)
549 silly pacote version manifest for color-name@1.1.3 fetched in 95ms
550 silly resolveWithNewModule color-name@1.1.3 checking installable status
551 http fetch GET 200 https://registry.npmjs.org/execa 51ms
552 http fetch GET 200 https://registry.npmjs.org/execa/-/execa-0.7.0.tgz 59ms
553 silly pacote range manifest for execa@^0.7.0 fetched in 118ms
554 silly resolveWithNewModule execa@0.7.0 checking installable status
555 http fetch GET 200 https://registry.npmjs.org/is-stream 66ms
556 http fetch GET 200 https://registry.npmjs.org/npm-run-path 59ms
557 http fetch GET 200 https://registry.npmjs.org/p-finally 61ms
558 http fetch GET 200 https://registry.npmjs.org/signal-exit 91ms
559 http fetch GET 200 https://registry.npmjs.org/strip-eof 147ms
560 http fetch GET 200 https://registry.npmjs.org/cross-spawn 179ms
561 http fetch GET 200 https://registry.npmjs.org/get-stream 182ms
562 silly pacote range manifest for signal-exit@^3.0.0 fetched in 180ms
563 silly resolveWithNewModule signal-exit@3.0.2 checking installable status
564 silly pacote range manifest for cross-spawn@^5.0.1 fetched in 266ms
565 silly resolveWithNewModule cross-spawn@5.1.0 checking installable status
566 http fetch GET 304 https://registry.npmjs.org/is-stream/-/is-stream-1.1.0.tgz 182ms (from cache)
567 http fetch GET 200 https://registry.npmjs.org/get-stream/-/get-stream-3.0.0.tgz 88ms
568 http fetch GET 304 https://registry.npmjs.org/npm-run-path/-/npm-run-path-2.0.2.tgz 183ms (from cache)
569 http fetch GET 304 https://registry.npmjs.org/p-finally/-/p-finally-1.0.0.tgz 184ms (from cache)
570 silly pacote range manifest for is-stream@^1.1.0 fetched in 311ms
571 silly resolveWithNewModule is-stream@1.1.0 checking installable status
572 http fetch GET 304 https://registry.npmjs.org/strip-eof/-/strip-eof-1.0.0.tgz 140ms (from cache)
573 silly pacote range manifest for get-stream@^3.0.0 fetched in 335ms
574 silly resolveWithNewModule get-stream@3.0.0 checking installable status
575 silly pacote range manifest for npm-run-path@^2.0.0 fetched in 335ms
576 silly resolveWithNewModule npm-run-path@2.0.2 checking installable status
577 silly pacote range manifest for p-finally@^1.0.0 fetched in 328ms
578 silly resolveWithNewModule p-finally@1.0.0 checking installable status
579 silly pacote range manifest for strip-eof@^1.0.0 fetched in 329ms
580 silly resolveWithNewModule strip-eof@1.0.0 checking installable status
581 http fetch GET 200 https://registry.npmjs.org/which 73ms
582 http fetch GET 200 https://registry.npmjs.org/lru-cache 75ms
583 http fetch GET 200 https://registry.npmjs.org/shebang-command 79ms
584 silly pacote range manifest for which@^1.2.9 fetched in 86ms
585 silly resolveWithNewModule which@1.3.1 checking installable status
586 silly pacote range manifest for shebang-command@^1.2.0 fetched in 89ms
587 silly resolveWithNewModule shebang-command@1.2.0 checking installable status
588 silly pacote range manifest for lru-cache@^4.0.1 fetched in 91ms
589 silly resolveWithNewModule lru-cache@4.1.5 checking installable status
590 http fetch GET 200 https://registry.npmjs.org/pseudomap 42ms
591 http fetch GET 200 https://registry.npmjs.org/yallist 64ms
592 silly pacote range manifest for pseudomap@^1.0.2 fetched in 71ms
593 silly resolveWithNewModule pseudomap@1.0.2 checking installable status
594 http fetch GET 200 https://registry.npmjs.org/yallist/-/yallist-2.1.2.tgz 50ms
595 silly pacote range manifest for yallist@^2.1.2 fetched in 124ms
596 silly resolveWithNewModule yallist@2.1.2 checking installable status
597 http fetch GET 200 https://registry.npmjs.org/shebang-regex 31ms
598 http fetch GET 304 https://registry.npmjs.org/shebang-regex/-/shebang-regex-1.0.0.tgz 96ms (from cache)
599 silly pacote range manifest for shebang-regex@^1.0.0 fetched in 147ms
600 silly resolveWithNewModule shebang-regex@1.0.0 checking installable status
601 http fetch GET 200 https://registry.npmjs.org/isexe 35ms
602 silly pacote range manifest for isexe@^2.0.0 fetched in 40ms
603 silly resolveWithNewModule isexe@2.0.0 checking installable status
604 http fetch GET 200 https://registry.npmjs.org/path-key 48ms
605 http fetch GET 304 https://registry.npmjs.org/path-key/-/path-key-2.0.1.tgz 58ms (from cache)
606 silly pacote range manifest for path-key@^2.0.0 fetched in 113ms
607 silly resolveWithNewModule path-key@2.0.1 checking installable status
608 http fetch GET 200 https://registry.npmjs.org/dot-prop 91ms
609 http fetch GET 200 https://registry.npmjs.org/unique-string 87ms
610 http fetch GET 200 https://registry.npmjs.org/write-file-atomic 87ms
611 http fetch GET 200 https://registry.npmjs.org/make-dir 92ms
612 silly pacote range manifest for make-dir@^1.0.0 fetched in 129ms
613 silly resolveWithNewModule make-dir@1.3.0 checking installable status
614 silly pacote range manifest for write-file-atomic@^2.0.0 fetched in 123ms
615 silly resolveWithNewModule write-file-atomic@2.4.3 checking installable status
616 http fetch GET 200 https://registry.npmjs.org/unique-string/-/unique-string-1.0.0.tgz 58ms
617 http fetch GET 304 https://registry.npmjs.org/dot-prop/-/dot-prop-4.2.0.tgz 64ms (from cache)
618 silly pacote range manifest for unique-string@^1.0.0 fetched in 173ms
619 silly resolveWithNewModule unique-string@1.0.0 checking installable status
620 silly pacote range manifest for dot-prop@^4.1.0 fetched in 184ms
621 silly resolveWithNewModule dot-prop@4.2.0 checking installable status
622 http fetch GET 200 https://registry.npmjs.org/is-obj 38ms
623 http fetch GET 304 https://registry.npmjs.org/is-obj/-/is-obj-1.0.1.tgz 55ms (from cache)
624 silly pacote range manifest for is-obj@^1.0.0 fetched in 99ms
625 silly resolveWithNewModule is-obj@1.0.1 checking installable status
626 http fetch GET 200 https://registry.npmjs.org/pify 51ms
627 http fetch GET 304 https://registry.npmjs.org/pify/-/pify-3.0.0.tgz 67ms (from cache)
628 silly pacote range manifest for pify@^3.0.0 fetched in 140ms
629 silly resolveWithNewModule pify@3.0.0 checking installable status
630 http fetch GET 200 https://registry.npmjs.org/crypto-random-string 33ms
631 http fetch GET 200 https://registry.npmjs.org/crypto-random-string/-/crypto-random-string-1.0.0.tgz 35ms
632 silly pacote range manifest for crypto-random-string@^1.0.0 fetched in 87ms
633 silly resolveWithNewModule crypto-random-string@1.0.0 checking installable status
634 http fetch GET 200 https://registry.npmjs.org/imurmurhash 29ms
635 silly pacote range manifest for imurmurhash@^0.1.4 fetched in 35ms
636 silly resolveWithNewModule imurmurhash@0.1.4 checking installable status
637 http fetch GET 200 https://registry.npmjs.org/ci-info 52ms
638 silly pacote range manifest for ci-info@^1.5.0 fetched in 63ms
639 silly resolveWithNewModule ci-info@1.6.0 checking installable status
640 http fetch GET 200 https://registry.npmjs.org/global-dirs 91ms
641 http fetch GET 200 https://registry.npmjs.org/is-path-inside 95ms
642 http fetch GET 200 https://registry.npmjs.org/global-dirs/-/global-dirs-0.1.1.tgz 41ms
643 http fetch GET 304 https://registry.npmjs.org/is-path-inside/-/is-path-inside-1.0.1.tgz 50ms (from cache)
644 silly pacote range manifest for global-dirs@^0.1.0 fetched in 153ms
645 silly resolveWithNewModule global-dirs@0.1.1 checking installable status
646 silly pacote range manifest for is-path-inside@^1.0.0 fetched in 155ms
647 silly resolveWithNewModule is-path-inside@1.0.1 checking installable status
648 http fetch GET 200 https://registry.npmjs.org/ini 61ms
649 http fetch GET 304 https://registry.npmjs.org/ini/-/ini-1.3.5.tgz 94ms (from cache)
650 silly pacote range manifest for ini@^1.3.4 fetched in 178ms
651 silly resolveWithNewModule ini@1.3.5 checking installable status
652 http fetch GET 200 https://registry.npmjs.org/path-is-inside 60ms
653 silly pacote range manifest for path-is-inside@^1.0.1 fetched in 67ms
654 silly resolveWithNewModule path-is-inside@1.0.2 checking installable status
655 http fetch GET 200 https://registry.npmjs.org/package-json 90ms
656 http fetch GET 200 https://registry.npmjs.org/package-json/-/package-json-4.0.1.tgz 54ms
657 silly pacote range manifest for package-json@^4.0.0 fetched in 154ms
658 silly resolveWithNewModule package-json@4.0.1 checking installable status
659 http fetch GET 200 https://registry.npmjs.org/registry-url 64ms
660 http fetch GET 200 https://registry.npmjs.org/registry-auth-token 66ms
661 http fetch GET 200 https://registry.npmjs.org/got 69ms
662 silly pacote range manifest for registry-auth-token@^3.0.1 fetched in 109ms
663 silly resolveWithNewModule registry-auth-token@3.4.0 checking installable status
664 http fetch GET 200 https://registry.npmjs.org/got/-/got-6.7.1.tgz 69ms
665 http fetch GET 200 https://registry.npmjs.org/registry-url/-/registry-url-3.1.0.tgz 91ms
666 silly pacote range manifest for got@^6.7.1 fetched in 198ms
667 silly resolveWithNewModule got@6.7.1 checking installable status
668 silly pacote range manifest for registry-url@^3.0.3 fetched in 226ms
669 silly resolveWithNewModule registry-url@3.1.0 checking installable status
670 http fetch GET 200 https://registry.npmjs.org/is-retry-allowed 221ms
671 http fetch GET 200 https://registry.npmjs.org/unzip-response 218ms
672 http fetch GET 200 https://registry.npmjs.org/duplexer3 229ms
673 http fetch GET 200 https://registry.npmjs.org/is-redirect 243ms
674 http fetch GET 200 https://registry.npmjs.org/timed-out 237ms
675 http fetch GET 200 https://registry.npmjs.org/create-error-class 396ms
676 http fetch GET 200 https://registry.npmjs.org/url-parse-lax 368ms
677 http fetch GET 200 https://registry.npmjs.org/lowercase-keys 372ms
678 silly pacote range manifest for duplexer3@^0.1.4 fetched in 574ms
679 silly resolveWithNewModule duplexer3@0.1.4 checking installable status
680 silly pacote range manifest for is-retry-allowed@^1.0.0 fetched in 552ms
681 silly resolveWithNewModule is-retry-allowed@1.1.0 checking installable status
682 silly pacote range manifest for is-redirect@^1.0.0 fetched in 559ms
683 silly resolveWithNewModule is-redirect@1.0.0 checking installable status
684 http fetch GET 200 https://registry.npmjs.org/unzip-response/-/unzip-response-2.0.1.tgz 311ms
685 silly pacote range manifest for create-error-class@^3.0.0 fetched in 584ms
686 silly resolveWithNewModule create-error-class@3.0.2 checking installable status
687 silly pacote range manifest for lowercase-keys@^1.0.0 fetched in 582ms
688 silly resolveWithNewModule lowercase-keys@1.0.1 checking installable status
689 http fetch GET 200 https://registry.npmjs.org/timed-out/-/timed-out-4.0.1.tgz 242ms
690 http fetch GET 200 https://registry.npmjs.org/url-parse-lax/-/url-parse-lax-1.0.0.tgz 190ms
691 silly pacote range manifest for unzip-response@^2.0.1 fetched in 606ms
692 silly resolveWithNewModule unzip-response@2.0.1 checking installable status
693 silly pacote range manifest for timed-out@^4.0.0 fetched in 609ms
694 silly resolveWithNewModule timed-out@4.0.1 checking installable status
695 silly pacote range manifest for url-parse-lax@^1.0.0 fetched in 608ms
696 silly resolveWithNewModule url-parse-lax@1.0.0 checking installable status
697 http fetch GET 200 https://registry.npmjs.org/capture-stack-trace 110ms
698 silly pacote range manifest for capture-stack-trace@^1.0.0 fetched in 117ms
699 silly resolveWithNewModule capture-stack-trace@1.0.1 checking installable status
700 http fetch GET 200 https://registry.npmjs.org/prepend-http 55ms
701 http fetch GET 200 https://registry.npmjs.org/prepend-http/-/prepend-http-1.0.4.tgz 63ms
702 silly pacote range manifest for prepend-http@^1.0.1 fetched in 124ms
703 silly resolveWithNewModule prepend-http@1.0.4 checking installable status
704 http fetch GET 200 https://registry.npmjs.org/rc 41ms
705 silly pacote range manifest for rc@^1.1.6 fetched in 49ms
706 silly resolveWithNewModule rc@1.2.8 checking installable status
707 http fetch GET 200 https://registry.npmjs.org/minimist 112ms
708 http fetch GET 200 https://registry.npmjs.org/strip-json-comments 113ms
709 http fetch GET 200 https://registry.npmjs.org/deep-extend 122ms
710 silly pacote range manifest for deep-extend@^0.6.0 fetched in 150ms
711 silly resolveWithNewModule deep-extend@0.6.0 checking installable status
712 http fetch GET 304 https://registry.npmjs.org/minimist/-/minimist-1.2.0.tgz 97ms (from cache)
713 http fetch GET 304 https://registry.npmjs.org/strip-json-comments/-/strip-json-comments-2.0.1.tgz 114ms (from cache)
714 silly pacote range manifest for minimist@^1.2.0 fetched in 237ms
715 silly resolveWithNewModule minimist@1.2.0 checking installable status
716 silly pacote range manifest for strip-json-comments@~2.0.1 fetched in 239ms
717 silly resolveWithNewModule strip-json-comments@2.0.1 checking installable status
718 timing stage:loadIdealTree:loadAllDepsIntoIdealTree Completed in 14100ms
719 timing stage:loadIdealTree Completed in 15115ms
720 silly currentTree lib
721 silly idealTree lib
721 silly idealTree  nodemon@1.19.1
721 silly idealTree    abbrev@1.1.1
721 silly idealTree    ansi-align@2.0.0
721 silly idealTree    ansi-regex@3.0.0
721 silly idealTree    ansi-styles@3.2.1
721 silly idealTree    anymatch@2.0.0
721 silly idealTree     normalize-path@2.1.1
721 silly idealTree    arr-diff@4.0.0
721 silly idealTree    arr-flatten@1.1.0
721 silly idealTree    arr-union@3.1.0
721 silly idealTree    array-unique@0.3.2
721 silly idealTree    assign-symbols@1.0.0
721 silly idealTree    async-each@1.0.3
721 silly idealTree    atob@2.1.2
721 silly idealTree    balanced-match@1.0.0
721 silly idealTree    base@0.11.2
721 silly idealTree     define-property@1.0.0
721 silly idealTree     is-accessor-descriptor@1.0.0
721 silly idealTree     is-data-descriptor@1.0.0
721 silly idealTree     is-descriptor@1.0.2
721 silly idealTree    binary-extensions@1.13.1
721 silly idealTree    boxen@1.3.0
721 silly idealTree    brace-expansion@1.1.11
721 silly idealTree    braces@2.3.2
721 silly idealTree     extend-shallow@2.0.1
721 silly idealTree    cache-base@1.0.1
721 silly idealTree    camelcase@4.1.0
721 silly idealTree    capture-stack-trace@1.0.1
721 silly idealTree    chalk@2.4.2
721 silly idealTree    chokidar@2.1.6
721 silly idealTree    ci-info@1.6.0
721 silly idealTree    class-utils@0.3.6
721 silly idealTree     define-property@0.2.5
721 silly idealTree    cli-boxes@1.0.0
721 silly idealTree    collection-visit@1.0.0
721 silly idealTree    color-convert@1.9.3
721 silly idealTree    color-name@1.1.3
721 silly idealTree    component-emitter@1.3.0
721 silly idealTree    concat-map@0.0.1
721 silly idealTree    configstore@3.1.2
721 silly idealTree    copy-descriptor@0.1.1
721 silly idealTree    core-util-is@1.0.2
721 silly idealTree    create-error-class@3.0.2
721 silly idealTree    cross-spawn@5.1.0
721 silly idealTree    crypto-random-string@1.0.0
721 silly idealTree    debug@3.2.6
721 silly idealTree     ms@2.1.2
721 silly idealTree    decode-uri-component@0.2.0
721 silly idealTree    deep-extend@0.6.0
721 silly idealTree    define-property@2.0.2
721 silly idealTree     is-accessor-descriptor@1.0.0
721 silly idealTree     is-data-descriptor@1.0.0
721 silly idealTree     is-descriptor@1.0.2
721 silly idealTree    dot-prop@4.2.0
721 silly idealTree    duplexer3@0.1.4
721 silly idealTree    escape-string-regexp@1.0.5
721 silly idealTree    execa@0.7.0
721 silly idealTree    expand-brackets@2.1.4
721 silly idealTree     debug@2.6.9
721 silly idealTree     define-property@0.2.5
721 silly idealTree     extend-shallow@2.0.1
721 silly idealTree    extend-shallow@3.0.2
721 silly idealTree     is-extendable@1.0.1
721 silly idealTree    extglob@2.0.4
721 silly idealTree     define-property@1.0.0
721 silly idealTree     extend-shallow@2.0.1
721 silly idealTree     is-accessor-descriptor@1.0.0
721 silly idealTree     is-data-descriptor@1.0.0
721 silly idealTree     is-descriptor@1.0.2
721 silly idealTree    fill-range@4.0.0
721 silly idealTree     extend-shallow@2.0.1
721 silly idealTree    for-in@1.0.2
721 silly idealTree    fragment-cache@0.2.1
721 silly idealTree    fsevents@1.2.9
721 silly idealTree     abbrev@1.1.1
721 silly idealTree     ansi-regex@2.1.1
721 silly idealTree     aproba@1.2.0
721 silly idealTree     are-we-there-yet@1.1.5
721 silly idealTree     balanced-match@1.0.0
721 silly idealTree     brace-expansion@1.1.11
721 silly idealTree     chownr@1.1.1
721 silly idealTree     code-point-at@1.1.0
721 silly idealTree     concat-map@0.0.1
721 silly idealTree     console-control-strings@1.1.0
721 silly idealTree     core-util-is@1.0.2
721 silly idealTree     debug@4.1.1
721 silly idealTree     deep-extend@0.6.0
721 silly idealTree     delegates@1.0.0
721 silly idealTree     detect-libc@1.0.3
721 silly idealTree     fs-minipass@1.2.5
721 silly idealTree     fs.realpath@1.0.0
721 silly idealTree     gauge@2.7.4
721 silly idealTree     glob@7.1.3
721 silly idealTree     has-unicode@2.0.1
721 silly idealTree     iconv-lite@0.4.24
721 silly idealTree     ignore-walk@3.0.1
721 silly idealTree     inflight@1.0.6
721 silly idealTree     inherits@2.0.3
721 silly idealTree     ini@1.3.5
721 silly idealTree     is-fullwidth-code-point@1.0.0
721 silly idealTree     isarray@1.0.0
721 silly idealTree     minimatch@3.0.4
721 silly idealTree     minimist@0.0.8
721 silly idealTree     minipass@2.3.5
721 silly idealTree     minizlib@1.2.1
721 silly idealTree     mkdirp@0.5.1
721 silly idealTree     ms@2.1.1
721 silly idealTree     needle@2.3.0
721 silly idealTree     node-pre-gyp@0.12.0
721 silly idealTree     nopt@4.0.1
721 silly idealTree     npm-bundled@1.0.6
721 silly idealTree     npm-packlist@1.4.1
721 silly idealTree     npmlog@4.1.2
721 silly idealTree     number-is-nan@1.0.1
721 silly idealTree     object-assign@4.1.1
721 silly idealTree     once@1.4.0
721 silly idealTree     os-homedir@1.0.2
721 silly idealTree     os-tmpdir@1.0.2
721 silly idealTree     osenv@0.1.5
721 silly idealTree     path-is-absolute@1.0.1
721 silly idealTree     process-nextick-args@2.0.0
721 silly idealTree     rc@1.2.8
721 silly idealTree      minimist@1.2.0
721 silly idealTree     readable-stream@2.3.6
721 silly idealTree     rimraf@2.6.3
721 silly idealTree     safe-buffer@5.1.2
721 silly idealTree     safer-buffer@2.1.2
721 silly idealTree     sax@1.2.4
721 silly idealTree     semver@5.7.0
721 silly idealTree     set-blocking@2.0.0
721 silly idealTree     signal-exit@3.0.2
721 silly idealTree     string_decoder@1.1.1
721 silly idealTree     string-width@1.0.2
721 silly idealTree     strip-ansi@3.0.1
721 silly idealTree     strip-json-comments@2.0.1
721 silly idealTree     tar@4.4.8
721 silly idealTree     util-deprecate@1.0.2
721 silly idealTree     wide-align@1.1.3
721 silly idealTree     wrappy@1.0.2
721 silly idealTree     yallist@3.0.3
721 silly idealTree    get-stream@3.0.0
721 silly idealTree    get-value@2.0.6
721 silly idealTree    glob-parent@3.1.0
721 silly idealTree     is-glob@3.1.0
721 silly idealTree    global-dirs@0.1.1
721 silly idealTree    got@6.7.1
721 silly idealTree    graceful-fs@4.2.0
721 silly idealTree    has-flag@3.0.0
721 silly idealTree    has-value@1.0.0
721 silly idealTree    has-values@1.0.0
721 silly idealTree     kind-of@4.0.0
721 silly idealTree    ignore-by-default@1.0.1
721 silly idealTree    import-lazy@2.1.0
721 silly idealTree    imurmurhash@0.1.4
721 silly idealTree    inherits@2.0.4
721 silly idealTree    ini@1.3.5
721 silly idealTree    is-accessor-descriptor@0.1.6
721 silly idealTree     kind-of@3.2.2
721 silly idealTree    is-binary-path@1.0.1
721 silly idealTree    is-buffer@1.1.6
721 silly idealTree    is-ci@1.2.1
721 silly idealTree    is-data-descriptor@0.1.4
721 silly idealTree     kind-of@3.2.2
721 silly idealTree    is-descriptor@0.1.6
721 silly idealTree     kind-of@5.1.0
721 silly idealTree    is-extendable@0.1.1
721 silly idealTree    is-extglob@2.1.1
721 silly idealTree    is-fullwidth-code-point@2.0.0
721 silly idealTree    is-glob@4.0.1
721 silly idealTree    is-installed-globally@0.1.0
721 silly idealTree    is-npm@1.0.0
721 silly idealTree    is-number@3.0.0
721 silly idealTree     kind-of@3.2.2
721 silly idealTree    is-obj@1.0.1
721 silly idealTree    is-path-inside@1.0.1
721 silly idealTree    is-plain-object@2.0.4
721 silly idealTree    is-redirect@1.0.0
721 silly idealTree    is-retry-allowed@1.1.0
721 silly idealTree    is-stream@1.1.0
721 silly idealTree    is-windows@1.0.2
721 silly idealTree    isarray@1.0.0
721 silly idealTree    isexe@2.0.0
721 silly idealTree    isobject@3.0.1
721 silly idealTree    kind-of@6.0.2
721 silly idealTree    latest-version@3.1.0
721 silly idealTree    lowercase-keys@1.0.1
721 silly idealTree    lru-cache@4.1.5
721 silly idealTree    make-dir@1.3.0
721 silly idealTree    map-cache@0.2.2
721 silly idealTree    map-visit@1.0.0
721 silly idealTree    micromatch@3.1.10
721 silly idealTree    minimatch@3.0.4
721 silly idealTree    minimist@1.2.0
721 silly idealTree    mixin-deep@1.3.2
721 silly idealTree     is-extendable@1.0.1
721 silly idealTree    ms@2.0.0
721 silly idealTree    nan@2.14.0
721 silly idealTree    nanomatch@1.2.13
721 silly idealTree    nopt@1.0.10
721 silly idealTree    normalize-path@3.0.0
721 silly idealTree    npm-run-path@2.0.2
721 silly idealTree    object-copy@0.1.0
721 silly idealTree     define-property@0.2.5
721 silly idealTree     kind-of@3.2.2
721 silly idealTree    object-visit@1.0.1
721 silly idealTree    object.pick@1.3.0
721 silly idealTree    p-finally@1.0.0
721 silly idealTree    package-json@4.0.1
721 silly idealTree    pascalcase@0.1.1
721 silly idealTree    path-dirname@1.0.2
721 silly idealTree    path-is-absolute@1.0.1
721 silly idealTree    path-is-inside@1.0.2
721 silly idealTree    path-key@2.0.1
721 silly idealTree    pify@3.0.0
721 silly idealTree    posix-character-classes@0.1.1
721 silly idealTree    prepend-http@1.0.4
721 silly idealTree    process-nextick-args@2.0.1
721 silly idealTree    pseudomap@1.0.2
721 silly idealTree    pstree.remy@1.1.7
721 silly idealTree    rc@1.2.8
721 silly idealTree    readable-stream@2.3.6
721 silly idealTree    readdirp@2.2.1
721 silly idealTree    regex-not@1.0.2
721 silly idealTree    registry-auth-token@3.4.0
721 silly idealTree    registry-url@3.1.0
721 silly idealTree    remove-trailing-separator@1.1.0
721 silly idealTree    repeat-element@1.1.3
721 silly idealTree    repeat-string@1.6.1
721 silly idealTree    resolve-url@0.2.1
721 silly idealTree    ret@0.1.15
721 silly idealTree    safe-buffer@5.1.2
721 silly idealTree    safe-regex@1.1.0
721 silly idealTree    semver-diff@2.1.0
721 silly idealTree    semver@5.7.0
721 silly idealTree    set-value@2.0.1
721 silly idealTree     extend-shallow@2.0.1
721 silly idealTree    shebang-command@1.2.0
721 silly idealTree    shebang-regex@1.0.0
721 silly idealTree    signal-exit@3.0.2
721 silly idealTree    snapdragon-node@2.1.1
721 silly idealTree     define-property@1.0.0
721 silly idealTree     is-accessor-descriptor@1.0.0
721 silly idealTree     is-data-descriptor@1.0.0
721 silly idealTree     is-descriptor@1.0.2
721 silly idealTree    snapdragon-util@3.0.1
721 silly idealTree     kind-of@3.2.2
721 silly idealTree    snapdragon@0.8.2
721 silly idealTree     debug@2.6.9
721 silly idealTree     define-property@0.2.5
721 silly idealTree     extend-shallow@2.0.1
721 silly idealTree    source-map-resolve@0.5.2
721 silly idealTree    source-map-url@0.4.0
721 silly idealTree    source-map@0.5.7
721 silly idealTree    split-string@3.1.0
721 silly idealTree    static-extend@0.1.2
721 silly idealTree     define-property@0.2.5
721 silly idealTree    string_decoder@1.1.1
721 silly idealTree    string-width@2.1.1
721 silly idealTree    strip-ansi@4.0.0
721 silly idealTree    strip-eof@1.0.0
721 silly idealTree    strip-json-comments@2.0.1
721 silly idealTree    supports-color@5.5.0
721 silly idealTree    term-size@1.2.0
721 silly idealTree    timed-out@4.0.1
721 silly idealTree    to-object-path@0.3.0
721 silly idealTree     kind-of@3.2.2
721 silly idealTree    to-regex-range@2.1.1
721 silly idealTree    to-regex@3.0.2
721 silly idealTree    touch@3.1.0
721 silly idealTree    undefsafe@2.0.2
721 silly idealTree     debug@2.6.9
721 silly idealTree    union-value@1.0.1
721 silly idealTree    unique-string@1.0.0
721 silly idealTree    unset-value@1.0.0
721 silly idealTree     has-value@0.3.1
721 silly idealTree      isobject@2.1.0
721 silly idealTree     has-values@0.1.4
721 silly idealTree    unzip-response@2.0.1
721 silly idealTree    upath@1.1.2
721 silly idealTree    update-notifier@2.5.0
721 silly idealTree    urix@0.1.0
721 silly idealTree    url-parse-lax@1.0.0
721 silly idealTree    use@3.1.1
721 silly idealTree    util-deprecate@1.0.2
721 silly idealTree    which@1.3.1
721 silly idealTree    widest-line@2.0.1
721 silly idealTree    write-file-atomic@2.4.3
721 silly idealTree    xdg-basedir@3.0.0
721 silly idealTree    yallist@2.1.2
722 silly install generateActionsToTake
723 warn checkPermissions Missing write access to /usr/local/lib/node_modules
724 timing stage:rollbackFailedOptional Completed in 5ms
725 timing stage:runTopLevelLifecycles Completed in 16125ms
726 verbose stack Error: EACCES: permission denied, access '/usr/local/lib/node_modules'
727 verbose cwd /Users/operationlipstick/Downloads/colorborate1-master 2
728 verbose Darwin 16.7.0
729 verbose argv "/usr/local/bin/node" "/usr/local/bin/npm" "install" "-g" "nodemon"
730 verbose node v10.16.0
731 verbose npm  v6.9.0
732 error path /usr/local/lib/node_modules
733 error code EACCES
734 error errno -13
735 error syscall access
736 error Error: EACCES: permission denied, access '/usr/local/lib/node_modules'
736 error  { [Error: EACCES: permission denied, access '/usr/local/lib/node_modules']
736 error   stack:
736 error    'Error: EACCES: permission denied, access \'/usr/local/lib/node_modules\'',
736 error   errno: -13,
736 error   code: 'EACCES',
736 error   syscall: 'access',
736 error   path: '/usr/local/lib/node_modules' }
737 error The operation was rejected by your operating system.
737 error It is likely you do not have the permissions to access this file as the current user
737 error
737 error If you believe this might be a permissions issue, please double-check the
737 error permissions of the file and its containing directories, or try running
737 error the command again as root/Administrator (though this is not recommended).
738 verbose exit [ -13, true ]
