0 info it worked if it ends with ok
1 verbose cli [ '/usr/local/bin/node',
1 verbose cli   '/usr/local/bin/npm',
1 verbose cli   'install',
1 verbose cli   '-g',
1 verbose cli   'nodemon' ]
2 info using npm@6.9.0
3 info using node@v10.16.0
4 verbose npm-session f8e25ad117316122
5 silly install loadCurrentTree
6 silly install readGlobalPackageData
7 http fetch GET 304 https://registry.npmjs.org/nodemon 203ms (from cache)
8 silly pacote tag manifest for nodemon@latest fetched in 232ms
9 timing stage:loadCurrentTree Completed in 269ms
10 silly install loadIdealTree
11 silly install cloneCurrentTreeToIdealTree
12 timing stage:loadIdealTree:cloneCurrentTree Completed in 0ms
13 silly install loadShrinkwrap
14 timing stage:loadIdealTree:loadShrinkwrap Completed in 2ms
15 silly install loadAllDepsIntoIdealTree
16 silly resolveWithNewModule nodemon@1.19.1 checking installable status
17 http fetch GET 304 https://registry.npmjs.org/chokidar 93ms (from cache)
18 silly pacote range manifest for chokidar@^2.1.5 fetched in 109ms
19 silly resolveWithNewModule chokidar@2.1.6 checking installable status
20 http fetch GET 304 https://registry.npmjs.org/touch 119ms (from cache)
21 silly pacote range manifest for touch@^3.1.0 fetched in 135ms
22 silly resolveWithNewModule touch@3.1.0 checking installable status
23 http fetch GET 304 https://registry.npmjs.org/minimatch 167ms (from cache)
24 http fetch GET 304 https://registry.npmjs.org/debug 175ms (from cache)
25 silly pacote range manifest for minimatch@^3.0.4 fetched in 179ms
26 silly resolveWithNewModule minimatch@3.0.4 checking installable status
27 http fetch GET 304 https://registry.npmjs.org/ignore-by-default 185ms (from cache)
28 silly pacote range manifest for debug@^3.1.0 fetched in 188ms
29 silly resolveWithNewModule debug@3.2.6 checking installable status
30 silly pacote range manifest for ignore-by-default@^1.0.1 fetched in 194ms
31 silly resolveWithNewModule ignore-by-default@1.0.1 checking installable status
32 http fetch GET 304 https://registry.npmjs.org/semver 193ms (from cache)
33 http fetch GET 304 https://registry.npmjs.org/supports-color 194ms (from cache)
34 http fetch GET 304 https://registry.npmjs.org/update-notifier 199ms (from cache)
35 http fetch GET 304 https://registry.npmjs.org/pstree.remy 208ms (from cache)
36 http fetch GET 304 https://registry.npmjs.org/undefsafe 205ms (from cache)
37 silly pacote range manifest for supports-color@^5.2.0 fetched in 210ms
38 silly resolveWithNewModule supports-color@5.5.0 checking installable status
39 silly pacote range manifest for semver@^5.5.0 fetched in 213ms
40 silly resolveWithNewModule semver@5.7.0 checking installable status
41 silly pacote range manifest for update-notifier@^2.5.0 fetched in 213ms
42 silly resolveWithNewModule update-notifier@2.5.0 checking installable status
43 silly pacote range manifest for pstree.remy@^1.1.6 fetched in 222ms
44 silly resolveWithNewModule pstree.remy@1.1.7 checking installable status
45 silly pacote range manifest for undefsafe@^2.0.2 fetched in 220ms
46 silly resolveWithNewModule undefsafe@2.0.2 checking installable status
47 http fetch GET 304 https://registry.npmjs.org/async-each 157ms (from cache)
48 http fetch GET 304 https://registry.npmjs.org/inherits 156ms (from cache)
49 http fetch GET 304 https://registry.npmjs.org/glob-parent 158ms (from cache)
50 http fetch GET 304 https://registry.npmjs.org/anymatch 168ms (from cache)
51 http fetch GET 304 https://registry.npmjs.org/braces 170ms (from cache)
52 http fetch GET 304 https://registry.npmjs.org/is-glob 169ms (from cache)
53 http fetch GET 304 https://registry.npmjs.org/normalize-path 169ms (from cache)
54 http fetch GET 304 https://registry.npmjs.org/path-is-absolute 170ms (from cache)
55 http fetch GET 304 https://registry.npmjs.org/is-binary-path 172ms (from cache)
56 silly pacote range manifest for glob-parent@^3.1.0 fetched in 182ms
57 silly resolveWithNewModule glob-parent@3.1.0 checking installable status
58 silly pacote range manifest for async-each@^1.0.1 fetched in 187ms
59 silly resolveWithNewModule async-each@1.0.3 checking installable status
60 silly pacote range manifest for inherits@^2.0.3 fetched in 186ms
61 silly resolveWithNewModule inherits@2.0.4 checking installable status
62 silly pacote range manifest for anymatch@^2.0.0 fetched in 201ms
63 silly resolveWithNewModule anymatch@2.0.0 checking installable status
64 silly pacote range manifest for is-glob@^4.0.0 fetched in 197ms
65 silly resolveWithNewModule is-glob@4.0.1 checking installable status
66 silly pacote range manifest for braces@^2.3.2 fetched in 203ms
67 silly resolveWithNewModule braces@2.3.2 checking installable status
68 silly pacote range manifest for normalize-path@^3.0.0 fetched in 201ms
69 silly resolveWithNewModule normalize-path@3.0.0 checking installable status
70 silly pacote range manifest for is-binary-path@^1.0.0 fetched in 205ms
71 silly resolveWithNewModule is-binary-path@1.0.1 checking installable status
72 silly pacote range manifest for path-is-absolute@^1.0.0 fetched in 207ms
73 silly resolveWithNewModule path-is-absolute@1.0.1 checking installable status
74 http fetch GET 304 https://registry.npmjs.org/readdirp 226ms (from cache)
75 silly pacote range manifest for readdirp@^2.2.1 fetched in 231ms
76 silly resolveWithNewModule readdirp@2.2.1 checking installable status
77 http fetch GET 304 https://registry.npmjs.org/fsevents 86ms (from cache)
78 http fetch GET 304 https://registry.npmjs.org/upath 93ms (from cache)
79 silly pacote range manifest for fsevents@^1.2.7 fetched in 94ms
80 silly resolveWithNewModule fsevents@1.2.9 checking installable status
81 silly tarball trying https://registry.npmjs.org/fsevents/-/fsevents-1.2.9.tgz by hash: sha512-oeyj2H3EjjonWcFjD5NvZNE9Rqe4UW+nQBU2HNeKw0koVLEFIhtyETyAakeAM3de7Z/SW5kcA+fZUait9EApnw==
82 silly pacote range manifest for upath@^1.1.1 fetched in 111ms
83 silly resolveWithNewModule upath@1.1.2 checking installable status
84 silly extract https://registry.npmjs.org/fsevents/-/fsevents-1.2.9.tgz extracted to /var/folders/b0/jt5h1r853qd_47g87d93xp6h0000gn/T/npm-518-0ce26479/unpack-b8c1d566 (509ms)
85 silly addBundled read tarball
86 silly cleanup remove extracted module
87 silly pacote range manifest for normalize-path@^2.1.1 fetched in 4ms
88 silly resolveWithNewModule normalize-path@2.1.1 checking installable status
89 http fetch GET 304 https://registry.npmjs.org/micromatch 44ms (from cache)
90 silly pacote range manifest for micromatch@^3.1.4 fetched in 47ms
91 silly resolveWithNewModule micromatch@3.1.10 checking installable status
92 http fetch GET 304 https://registry.npmjs.org/array-unique 146ms (from cache)
93 silly pacote range manifest for array-unique@^0.3.2 fetched in 161ms
94 silly resolveWithNewModule array-unique@0.3.2 checking installable status
95 http fetch GET 304 https://registry.npmjs.org/fragment-cache 174ms (from cache)
96 http fetch GET 304 https://registry.npmjs.org/arr-diff 182ms (from cache)
97 http fetch GET 304 https://registry.npmjs.org/extend-shallow 180ms (from cache)
98 http fetch GET 304 https://registry.npmjs.org/define-property 182ms (from cache)
99 http fetch GET 304 https://registry.npmjs.org/extglob 184ms (from cache)
100 http fetch GET 304 https://registry.npmjs.org/kind-of 184ms (from cache)
101 silly pacote range manifest for fragment-cache@^0.2.1 fetched in 195ms
102 silly resolveWithNewModule fragment-cache@0.2.1 checking installable status
103 silly pacote range manifest for extend-shallow@^3.0.2 fetched in 204ms
104 silly resolveWithNewModule extend-shallow@3.0.2 checking installable status
105 silly pacote range manifest for arr-diff@^4.0.0 fetched in 208ms
106 silly resolveWithNewModule arr-diff@4.0.0 checking installable status
107 silly pacote range manifest for define-property@^2.0.2 fetched in 211ms
108 silly resolveWithNewModule define-property@2.0.2 checking installable status
109 http fetch GET 304 https://registry.npmjs.org/nanomatch 209ms (from cache)
110 http fetch GET 304 https://registry.npmjs.org/object.pick 210ms (from cache)
111 silly pacote range manifest for extglob@^2.0.4 fetched in 214ms
112 silly resolveWithNewModule extglob@2.0.4 checking installable status
113 silly pacote range manifest for kind-of@^6.0.2 fetched in 215ms
114 silly resolveWithNewModule kind-of@6.0.2 checking installable status
115 silly pacote range manifest for nanomatch@^1.2.9 fetched in 226ms
116 silly resolveWithNewModule nanomatch@1.2.13 checking installable status
117 silly pacote range manifest for object.pick@^1.3.0 fetched in 226ms
118 silly resolveWithNewModule object.pick@1.3.0 checking installable status
119 http fetch GET 304 https://registry.npmjs.org/regex-not 227ms (from cache)
120 silly pacote range manifest for regex-not@^1.0.0 fetched in 236ms
121 silly resolveWithNewModule regex-not@1.0.2 checking installable status
122 http fetch GET 304 https://registry.npmjs.org/snapdragon 83ms (from cache)
123 silly pacote range manifest for snapdragon@^0.8.1 fetched in 89ms
124 silly resolveWithNewModule snapdragon@0.8.2 checking installable status
125 http fetch GET 304 https://registry.npmjs.org/to-regex 57ms (from cache)
126 silly pacote range manifest for to-regex@^3.0.2 fetched in 59ms
127 silly resolveWithNewModule to-regex@3.0.2 checking installable status
128 silly pacote range manifest for extend-shallow@^2.0.1 fetched in 14ms
129 silly resolveWithNewModule extend-shallow@2.0.1 checking installable status
130 http fetch GET 304 https://registry.npmjs.org/repeat-element 68ms (from cache)
131 silly pacote range manifest for repeat-element@^1.1.2 fetched in 78ms
132 silly resolveWithNewModule repeat-element@1.1.3 checking installable status
133 http fetch GET 304 https://registry.npmjs.org/fill-range 82ms (from cache)
134 http fetch GET 304 https://registry.npmjs.org/arr-flatten 87ms (from cache)
135 silly pacote range manifest for fill-range@^4.0.0 fetched in 90ms
136 silly resolveWithNewModule fill-range@4.0.0 checking installable status
137 http fetch GET 304 https://registry.npmjs.org/snapdragon-node 88ms (from cache)
138 http fetch GET 304 https://registry.npmjs.org/isobject 91ms (from cache)
139 silly pacote range manifest for arr-flatten@^1.1.0 fetched in 95ms
140 silly resolveWithNewModule arr-flatten@1.1.0 checking installable status
141 silly pacote range manifest for snapdragon-node@^2.0.1 fetched in 94ms
142 silly resolveWithNewModule snapdragon-node@2.1.1 checking installable status
143 silly pacote range manifest for isobject@^3.0.1 fetched in 96ms
144 silly resolveWithNewModule isobject@3.0.1 checking installable status
145 http fetch GET 304 https://registry.npmjs.org/split-string 96ms (from cache)
146 silly pacote range manifest for split-string@^3.0.2 fetched in 100ms
147 silly resolveWithNewModule split-string@3.1.0 checking installable status
148 http fetch GET 304 https://registry.npmjs.org/is-extendable 47ms (from cache)
149 silly pacote range manifest for is-extendable@^0.1.0 fetched in 51ms
150 silly resolveWithNewModule is-extendable@0.1.1 checking installable status
151 silly pacote range manifest for extend-shallow@^2.0.1 fetched in 9ms
152 silly resolveWithNewModule extend-shallow@2.0.1 checking installable status
153 http fetch GET 304 https://registry.npmjs.org/repeat-string 51ms (from cache)
154 http fetch GET 304 https://registry.npmjs.org/is-number 52ms (from cache)
155 http fetch GET 304 https://registry.npmjs.org/to-regex-range 52ms (from cache)
156 silly pacote range manifest for repeat-string@^1.6.1 fetched in 55ms
157 silly resolveWithNewModule repeat-string@1.6.1 checking installable status
158 silly pacote range manifest for is-number@^3.0.0 fetched in 57ms
159 silly resolveWithNewModule is-number@3.0.0 checking installable status
160 silly pacote range manifest for to-regex-range@^2.1.0 fetched in 57ms
161 silly resolveWithNewModule to-regex-range@2.1.1 checking installable status
162 silly pacote range manifest for kind-of@^3.0.2 fetched in 3ms
163 silly resolveWithNewModule kind-of@3.2.2 checking installable status
164 http fetch GET 304 https://registry.npmjs.org/is-buffer 40ms (from cache)
165 silly pacote range manifest for is-buffer@^1.1.5 fetched in 44ms
166 silly resolveWithNewModule is-buffer@1.1.6 checking installable status
167 silly pacote range manifest for extend-shallow@^2.0.1 fetched in 12ms
168 silly resolveWithNewModule extend-shallow@2.0.1 checking installable status
169 silly pacote range manifest for debug@^2.2.0 fetched in 13ms
170 silly resolveWithNewModule debug@2.6.9 checking installable status
171 silly pacote range manifest for define-property@^0.2.5 fetched in 15ms
172 silly resolveWithNewModule define-property@0.2.5 checking installable status
173 http fetch GET 304 https://registry.npmjs.org/use 65ms (from cache)
174 http fetch GET 304 https://registry.npmjs.org/map-cache 70ms (from cache)
175 http fetch GET 304 https://registry.npmjs.org/source-map 69ms (from cache)
176 silly pacote range manifest for use@^3.1.0 fetched in 71ms
177 silly resolveWithNewModule use@3.1.1 checking installable status
178 silly pacote range manifest for map-cache@^0.2.2 fetched in 76ms
179 silly resolveWithNewModule map-cache@0.2.2 checking installable status
180 http fetch GET 304 https://registry.npmjs.org/base 78ms (from cache)
181 silly pacote range manifest for source-map@^0.5.6 fetched in 77ms
182 silly resolveWithNewModule source-map@0.5.7 checking installable status
183 http fetch GET 304 https://registry.npmjs.org/source-map-resolve 77ms (from cache)
184 silly pacote range manifest for base@^0.11.1 fetched in 82ms
185 silly resolveWithNewModule base@0.11.2 checking installable status
186 silly pacote range manifest for source-map-resolve@^0.5.0 fetched in 79ms
187 silly resolveWithNewModule source-map-resolve@0.5.2 checking installable status
188 silly pacote range manifest for define-property@^1.0.0 fetched in 10ms
189 silly resolveWithNewModule define-property@1.0.0 checking installable status
190 http fetch GET 304 https://registry.npmjs.org/class-utils 55ms (from cache)
191 http fetch GET 304 https://registry.npmjs.org/component-emitter 57ms (from cache)
192 silly pacote range manifest for class-utils@^0.3.5 fetched in 62ms
193 silly resolveWithNewModule class-utils@0.3.6 checking installable status
194 silly pacote range manifest for component-emitter@^1.2.1 fetched in 63ms
195 silly resolveWithNewModule component-emitter@1.3.0 checking installable status
196 http fetch GET 304 https://registry.npmjs.org/cache-base 65ms (from cache)
197 http fetch GET 304 https://registry.npmjs.org/pascalcase 65ms (from cache)
198 http fetch GET 304 https://registry.npmjs.org/mixin-deep 68ms (from cache)
199 silly pacote range manifest for cache-base@^1.0.1 fetched in 70ms
200 silly resolveWithNewModule cache-base@1.0.1 checking installable status
201 silly pacote range manifest for pascalcase@^0.1.1 fetched in 70ms
202 silly resolveWithNewModule pascalcase@0.1.1 checking installable status
203 silly pacote range manifest for mixin-deep@^1.2.0 fetched in 71ms
204 silly resolveWithNewModule mixin-deep@1.3.2 checking installable status
205 http fetch GET 304 https://registry.npmjs.org/collection-visit 68ms (from cache)
206 http fetch GET 304 https://registry.npmjs.org/get-value 70ms (from cache)
207 http fetch GET 304 https://registry.npmjs.org/set-value 71ms (from cache)
208 http fetch GET 304 https://registry.npmjs.org/to-object-path 73ms (from cache)
209 silly pacote range manifest for collection-visit@^1.0.0 fetched in 76ms
210 silly resolveWithNewModule collection-visit@1.0.0 checking installable status
211 http fetch GET 304 https://registry.npmjs.org/union-value 74ms (from cache)
212 silly pacote range manifest for get-value@^2.0.6 fetched in 77ms
213 silly resolveWithNewModule get-value@2.0.6 checking installable status
214 silly pacote range manifest for set-value@^2.0.0 fetched in 78ms
215 silly resolveWithNewModule set-value@2.0.1 checking installable status
216 silly pacote range manifest for to-object-path@^0.3.0 fetched in 79ms
217 silly resolveWithNewModule to-object-path@0.3.0 checking installable status
218 http fetch GET 304 https://registry.npmjs.org/unset-value 80ms (from cache)
219 http fetch GET 304 https://registry.npmjs.org/has-value 82ms (from cache)
220 silly pacote range manifest for union-value@^1.0.0 fetched in 84ms
221 silly resolveWithNewModule union-value@1.0.1 checking installable status
222 silly pacote range manifest for unset-value@^1.0.0 fetched in 85ms
223 silly resolveWithNewModule unset-value@1.0.0 checking installable status
224 silly pacote range manifest for has-value@^1.0.0 fetched in 89ms
225 silly resolveWithNewModule has-value@1.0.0 checking installable status
226 http fetch GET 304 https://registry.npmjs.org/map-visit 40ms (from cache)
227 silly pacote range manifest for map-visit@^1.0.0 fetched in 44ms
228 silly resolveWithNewModule map-visit@1.0.0 checking installable status
229 http fetch GET 304 https://registry.npmjs.org/object-visit 43ms (from cache)
230 silly pacote range manifest for object-visit@^1.0.0 fetched in 46ms
231 silly resolveWithNewModule object-visit@1.0.1 checking installable status
232 http fetch GET 304 https://registry.npmjs.org/has-values 99ms (from cache)
233 silly pacote range manifest for has-values@^1.0.0 fetched in 101ms
234 silly resolveWithNewModule has-values@1.0.0 checking installable status
235 silly pacote range manifest for kind-of@^4.0.0 fetched in 3ms
236 silly resolveWithNewModule kind-of@4.0.0 checking installable status
237 silly pacote range manifest for extend-shallow@^2.0.1 fetched in 3ms
238 silly resolveWithNewModule extend-shallow@2.0.1 checking installable status
239 http fetch GET 304 https://registry.npmjs.org/is-plain-object 34ms (from cache)
240 silly pacote range manifest for is-plain-object@^2.0.3 fetched in 35ms
241 silly resolveWithNewModule is-plain-object@2.0.4 checking installable status
242 silly pacote range manifest for is-extendable@^1.0.1 fetched in 2ms
243 silly resolveWithNewModule is-extendable@1.0.1 checking installable status
244 http fetch GET 304 https://registry.npmjs.org/assign-symbols 44ms (from cache)
245 silly pacote range manifest for assign-symbols@^1.0.0 fetched in 46ms
246 silly resolveWithNewModule assign-symbols@1.0.0 checking installable status
247 silly pacote range manifest for kind-of@^3.0.2 fetched in 1ms
248 silly resolveWithNewModule kind-of@3.2.2 checking installable status
249 http fetch GET 304 https://registry.npmjs.org/arr-union 41ms (from cache)
250 silly pacote range manifest for arr-union@^3.1.0 fetched in 46ms
251 silly resolveWithNewModule arr-union@3.1.0 checking installable status
252 silly pacote range manifest for has-value@^0.3.1 fetched in 2ms
253 silly resolveWithNewModule has-value@0.3.1 checking installable status
254 silly pacote range manifest for has-values@^0.1.4 fetched in 2ms
255 silly resolveWithNewModule has-values@0.1.4 checking installable status
256 silly pacote range manifest for isobject@^2.0.0 fetched in 3ms
257 silly resolveWithNewModule isobject@2.1.0 checking installable status
258 http fetch GET 304 https://registry.npmjs.org/isarray 36ms (from cache)
259 silly pacote version manifest for isarray@1.0.0 fetched in 39ms
260 silly resolveWithNewModule isarray@1.0.0 checking installable status
261 silly pacote range manifest for define-property@^0.2.5 fetched in 3ms
262 silly resolveWithNewModule define-property@0.2.5 checking installable status
263 http fetch GET 304 https://registry.npmjs.org/static-extend 39ms (from cache)
264 silly pacote range manifest for static-extend@^0.1.1 fetched in 41ms
265 silly resolveWithNewModule static-extend@0.1.2 checking installable status
266 http fetch GET 304 https://registry.npmjs.org/is-descriptor 41ms (from cache)
267 silly pacote range manifest for is-descriptor@^0.1.0 fetched in 44ms
268 silly resolveWithNewModule is-descriptor@0.1.6 checking installable status
269 silly pacote range manifest for kind-of@^5.0.0 fetched in 12ms
270 silly resolveWithNewModule kind-of@5.1.0 checking installable status
271 http fetch GET 304 https://registry.npmjs.org/is-accessor-descriptor 210ms (from cache)
272 silly pacote range manifest for is-accessor-descriptor@^0.1.6 fetched in 216ms
273 silly resolveWithNewModule is-accessor-descriptor@0.1.6 checking installable status
274 http fetch GET 304 https://registry.npmjs.org/is-data-descriptor 205ms (from cache)
275 silly pacote range manifest for is-data-descriptor@^0.1.4 fetched in 220ms
276 silly resolveWithNewModule is-data-descriptor@0.1.4 checking installable status
277 silly pacote range manifest for kind-of@^3.0.2 fetched in 5ms
278 silly resolveWithNewModule kind-of@3.2.2 checking installable status
279 silly pacote range manifest for kind-of@^3.0.2 fetched in 3ms
280 silly resolveWithNewModule kind-of@3.2.2 checking installable status
281 silly pacote range manifest for define-property@^0.2.5 fetched in 4ms
282 silly resolveWithNewModule define-property@0.2.5 checking installable status
283 http fetch GET 304 https://registry.npmjs.org/object-copy 69ms (from cache)
284 silly pacote range manifest for object-copy@^0.1.0 fetched in 72ms
285 silly resolveWithNewModule object-copy@0.1.0 checking installable status
286 silly pacote range manifest for define-property@^0.2.5 fetched in 20ms
287 silly resolveWithNewModule define-property@0.2.5 checking installable status
288 silly pacote range manifest for kind-of@^3.0.3 fetched in 22ms
289 silly resolveWithNewModule kind-of@3.2.2 checking installable status
290 http fetch GET 304 https://registry.npmjs.org/copy-descriptor 59ms (from cache)
291 silly pacote range manifest for copy-descriptor@^0.1.0 fetched in 62ms
292 silly resolveWithNewModule copy-descriptor@0.1.1 checking installable status
293 silly pacote range manifest for is-descriptor@^1.0.0 fetched in 1ms
294 silly resolveWithNewModule is-descriptor@1.0.2 checking installable status
295 silly pacote range manifest for is-accessor-descriptor@^1.0.0 fetched in 5ms
296 silly resolveWithNewModule is-accessor-descriptor@1.0.0 checking installable status
297 silly pacote range manifest for is-data-descriptor@^1.0.0 fetched in 6ms
298 silly resolveWithNewModule is-data-descriptor@1.0.0 checking installable status
299 silly pacote range manifest for is-extendable@^1.0.1 fetched in 2ms
300 silly resolveWithNewModule is-extendable@1.0.1 checking installable status
301 http fetch GET 304 https://registry.npmjs.org/for-in 43ms (from cache)
302 silly pacote range manifest for for-in@^1.0.2 fetched in 46ms
303 silly resolveWithNewModule for-in@1.0.2 checking installable status
304 http fetch GET 304 https://registry.npmjs.org/ms 55ms (from cache)
305 silly pacote version manifest for ms@2.0.0 fetched in 70ms
306 silly resolveWithNewModule ms@2.0.0 checking installable status
307 http fetch GET 304 https://registry.npmjs.org/decode-uri-component 86ms (from cache)
308 http fetch GET 304 https://registry.npmjs.org/resolve-url 86ms (from cache)
309 http fetch GET 304 https://registry.npmjs.org/urix 92ms (from cache)
310 http fetch GET 304 https://registry.npmjs.org/source-map-url 96ms (from cache)
311 silly pacote range manifest for decode-uri-component@^0.2.0 fetched in 98ms
312 silly resolveWithNewModule decode-uri-component@0.2.0 checking installable status
313 silly pacote range manifest for resolve-url@^0.2.1 fetched in 102ms
314 silly resolveWithNewModule resolve-url@0.2.1 checking installable status
315 silly pacote range manifest for urix@^0.1.0 fetched in 103ms
316 silly resolveWithNewModule urix@0.1.0 checking installable status
317 silly pacote range manifest for source-map-url@^0.4.0 fetched in 107ms
318 silly resolveWithNewModule source-map-url@0.4.0 checking installable status
319 http fetch GET 304 https://registry.npmjs.org/atob 116ms (from cache)
320 silly pacote range manifest for atob@^2.1.1 fetched in 119ms
321 silly resolveWithNewModule atob@2.1.2 checking installable status
322 silly pacote range manifest for define-property@^1.0.0 fetched in 5ms
323 silly resolveWithNewModule define-property@1.0.0 checking installable status
324 http fetch GET 304 https://registry.npmjs.org/snapdragon-util 39ms (from cache)
325 silly pacote range manifest for snapdragon-util@^3.0.1 fetched in 44ms
326 silly resolveWithNewModule snapdragon-util@3.0.1 checking installable status
327 silly pacote range manifest for is-descriptor@^1.0.0 fetched in 5ms
328 silly resolveWithNewModule is-descriptor@1.0.2 checking installable status
329 silly pacote range manifest for is-accessor-descriptor@^1.0.0 fetched in 7ms
330 silly resolveWithNewModule is-accessor-descriptor@1.0.0 checking installable status
331 silly pacote range manifest for is-data-descriptor@^1.0.0 fetched in 14ms
332 silly resolveWithNewModule is-data-descriptor@1.0.0 checking installable status
333 silly pacote range manifest for kind-of@^3.2.0 fetched in 2ms
334 silly resolveWithNewModule kind-of@3.2.2 checking installable status
335 http fetch GET 304 https://registry.npmjs.org/safe-regex 42ms (from cache)
336 silly pacote range manifest for safe-regex@^1.1.0 fetched in 46ms
337 silly resolveWithNewModule safe-regex@1.1.0 checking installable status
338 silly pacote range manifest for is-descriptor@^1.0.2 fetched in 6ms
339 silly resolveWithNewModule is-descriptor@1.0.2 checking installable status
340 silly pacote range manifest for is-accessor-descriptor@^1.0.0 fetched in 2ms
341 silly resolveWithNewModule is-accessor-descriptor@1.0.0 checking installable status
342 silly pacote range manifest for is-data-descriptor@^1.0.0 fetched in 5ms
343 silly resolveWithNewModule is-data-descriptor@1.0.0 checking installable status
344 http fetch GET 304 https://registry.npmjs.org/ret 41ms (from cache)
345 silly pacote range manifest for ret@~0.1.10 fetched in 44ms
346 silly resolveWithNewModule ret@0.1.15 checking installable status
347 silly pacote range manifest for define-property@^1.0.0 fetched in 7ms
348 silly resolveWithNewModule define-property@1.0.0 checking installable status
349 silly pacote range manifest for extend-shallow@^2.0.1 fetched in 7ms
350 silly resolveWithNewModule extend-shallow@2.0.1 checking installable status
351 http fetch GET 304 https://registry.npmjs.org/expand-brackets 43ms (from cache)
352 silly pacote range manifest for expand-brackets@^2.1.4 fetched in 48ms
353 silly resolveWithNewModule expand-brackets@2.1.4 checking installable status
354 silly pacote range manifest for is-descriptor@^1.0.0 fetched in 2ms
355 silly resolveWithNewModule is-descriptor@1.0.2 checking installable status
356 silly pacote range manifest for is-accessor-descriptor@^1.0.0 fetched in 5ms
357 silly resolveWithNewModule is-accessor-descriptor@1.0.0 checking installable status
358 silly pacote range manifest for is-data-descriptor@^1.0.0 fetched in 6ms
359 silly resolveWithNewModule is-data-descriptor@1.0.0 checking installable status
360 silly pacote range manifest for debug@^2.3.3 fetched in 6ms
361 silly resolveWithNewModule debug@2.6.9 checking installable status
362 silly pacote range manifest for define-property@^0.2.5 fetched in 7ms
363 silly resolveWithNewModule define-property@0.2.5 checking installable status
364 silly pacote range manifest for extend-shallow@^2.0.1 fetched in 8ms
365 silly resolveWithNewModule extend-shallow@2.0.1 checking installable status
366 http fetch GET 304 https://registry.npmjs.org/posix-character-classes 66ms (from cache)
367 silly pacote range manifest for posix-character-classes@^0.1.0 fetched in 69ms
368 silly resolveWithNewModule posix-character-classes@0.1.1 checking installable status
369 http fetch GET 304 https://registry.npmjs.org/is-windows 46ms (from cache)
370 silly pacote range manifest for is-windows@^1.0.2 fetched in 51ms
371 silly resolveWithNewModule is-windows@1.0.2 checking installable status
372 http fetch GET 304 https://registry.npmjs.org/remove-trailing-separator 94ms (from cache)
373 silly pacote range manifest for remove-trailing-separator@^1.0.1 fetched in 97ms
374 silly resolveWithNewModule remove-trailing-separator@1.1.0 checking installable status
375 http fetch GET 304 https://registry.npmjs.org/nan 109ms (from cache)
376 silly pacote range manifest for nan@^2.12.1 fetched in 117ms
377 silly resolveWithNewModule nan@2.14.0 checking installable status
378 silly pacote range manifest for is-glob@^3.1.0 fetched in 47ms
379 silly resolveWithNewModule is-glob@3.1.0 checking installable status
380 http fetch GET 304 https://registry.npmjs.org/path-dirname 98ms (from cache)
381 silly pacote range manifest for path-dirname@^1.0.0 fetched in 100ms
382 silly resolveWithNewModule path-dirname@1.0.2 checking installable status
383 http fetch GET 304 https://registry.npmjs.org/is-extglob 66ms (from cache)
384 silly pacote range manifest for is-extglob@^2.1.0 fetched in 70ms
385 silly resolveWithNewModule is-extglob@2.1.1 checking installable status
386 http fetch GET 304 https://registry.npmjs.org/binary-extensions 44ms (from cache)
387 silly pacote range manifest for binary-extensions@^1.0.0 fetched in 49ms
388 silly resolveWithNewModule binary-extensions@1.13.1 checking installable status
389 http fetch GET 304 https://registry.npmjs.org/readable-stream 84ms (from cache)
390 silly pacote range manifest for readable-stream@^2.0.2 fetched in 102ms
391 silly resolveWithNewModule readable-stream@2.3.6 checking installable status
392 http fetch GET 304 https://registry.npmjs.org/graceful-fs 106ms (from cache)
393 silly pacote range manifest for graceful-fs@^4.1.11 fetched in 111ms
394 silly resolveWithNewModule graceful-fs@4.2.0 checking installable status
395 http fetch GET 304 https://registry.npmjs.org/core-util-is 193ms (from cache)
396 silly pacote range manifest for core-util-is@~1.0.0 fetched in 219ms
397 silly resolveWithNewModule core-util-is@1.0.2 checking installable status
398 http fetch GET 304 https://registry.npmjs.org/process-nextick-args 223ms (from cache)
399 http fetch GET 304 https://registry.npmjs.org/string_decoder 228ms (from cache)
400 http fetch GET 304 https://registry.npmjs.org/safe-buffer 231ms (from cache)
401 http fetch GET 304 https://registry.npmjs.org/util-deprecate 232ms (from cache)
402 silly pacote range manifest for process-nextick-args@~2.0.0 fetched in 240ms
403 silly resolveWithNewModule process-nextick-args@2.0.1 checking installable status
404 silly pacote range manifest for string_decoder@~1.1.1 fetched in 244ms
405 silly resolveWithNewModule string_decoder@1.1.1 checking installable status
406 silly pacote range manifest for safe-buffer@~5.1.1 fetched in 248ms
407 silly resolveWithNewModule safe-buffer@5.1.2 checking installable status
408 silly pacote range manifest for util-deprecate@~1.0.1 fetched in 251ms
409 silly resolveWithNewModule util-deprecate@1.0.2 checking installable status
410 silly pacote range manifest for ms@^2.1.1 fetched in 8ms
411 silly resolveWithNewModule ms@2.1.2 checking installable status
412 http fetch GET 304 https://registry.npmjs.org/brace-expansion 37ms (from cache)
413 silly pacote range manifest for brace-expansion@^1.1.7 fetched in 41ms
414 silly resolveWithNewModule brace-expansion@1.1.11 checking installable status
415 http fetch GET 304 https://registry.npmjs.org/balanced-match 78ms (from cache)
416 silly pacote range manifest for balanced-match@^1.0.0 fetched in 82ms
417 silly resolveWithNewModule balanced-match@1.0.0 checking installable status
418 http fetch GET 304 https://registry.npmjs.org/concat-map 83ms (from cache)
419 silly pacote version manifest for concat-map@0.0.1 fetched in 85ms
420 silly resolveWithNewModule concat-map@0.0.1 checking installable status
421 http fetch GET 304 https://registry.npmjs.org/has-flag 73ms (from cache)
422 silly pacote range manifest for has-flag@^3.0.0 fetched in 78ms
423 silly resolveWithNewModule has-flag@3.0.0 checking installable status
424 http fetch GET 304 https://registry.npmjs.org/nopt 101ms (from cache)
425 silly pacote range manifest for nopt@~1.0.10 fetched in 104ms
426 silly resolveWithNewModule nopt@1.0.10 checking installable status
427 http fetch GET 304 https://registry.npmjs.org/abbrev 61ms (from cache)
428 silly pacote range manifest for abbrev@1 fetched in 64ms
429 silly resolveWithNewModule abbrev@1.1.1 checking installable status
430 silly pacote range manifest for debug@^2.2.0 fetched in 3ms
431 silly resolveWithNewModule debug@2.6.9 checking installable status
432 http fetch GET 304 https://registry.npmjs.org/import-lazy 286ms (from cache)
433 http fetch GET 304 https://registry.npmjs.org/is-ci 286ms (from cache)
434 http fetch GET 304 https://registry.npmjs.org/is-npm 296ms (from cache)
435 http fetch GET 304 https://registry.npmjs.org/is-installed-globally 298ms (from cache)
436 http fetch GET 304 https://registry.npmjs.org/semver-diff 297ms (from cache)
437 http fetch GET 304 https://registry.npmjs.org/xdg-basedir 298ms (from cache)
438 http fetch GET 304 https://registry.npmjs.org/boxen 327ms (from cache)
439 http fetch GET 304 https://registry.npmjs.org/configstore 326ms (from cache)
440 http fetch GET 304 https://registry.npmjs.org/chalk 328ms (from cache)
441 http fetch GET 304 https://registry.npmjs.org/latest-version 323ms (from cache)
442 silly pacote range manifest for import-lazy@^2.1.0 fetched in 360ms
443 silly resolveWithNewModule import-lazy@2.1.0 checking installable status
444 silly pacote range manifest for is-ci@^1.0.10 fetched in 360ms
445 silly resolveWithNewModule is-ci@1.2.1 checking installable status
446 silly pacote range manifest for is-npm@^1.0.0 fetched in 360ms
447 silly resolveWithNewModule is-npm@1.0.0 checking installable status
448 silly pacote range manifest for is-installed-globally@^0.1.0 fetched in 365ms
449 silly resolveWithNewModule is-installed-globally@0.1.0 checking installable status
450 silly pacote range manifest for semver-diff@^2.0.0 fetched in 377ms
451 silly resolveWithNewModule semver-diff@2.1.0 checking installable status
452 silly pacote range manifest for xdg-basedir@^3.0.0 fetched in 379ms
453 silly resolveWithNewModule xdg-basedir@3.0.0 checking installable status
454 silly pacote range manifest for boxen@^1.2.1 fetched in 392ms
455 silly resolveWithNewModule boxen@1.3.0 checking installable status
456 silly pacote range manifest for configstore@^3.0.0 fetched in 403ms
457 silly resolveWithNewModule configstore@3.1.2 checking installable status
458 silly pacote range manifest for chalk@^2.0.1 fetched in 444ms
459 silly resolveWithNewModule chalk@2.4.2 checking installable status
460 silly pacote range manifest for latest-version@^3.0.0 fetched in 442ms
461 silly resolveWithNewModule latest-version@3.1.0 checking installable status
462 http fetch GET 304 https://registry.npmjs.org/ansi-align 69ms (from cache)
463 http fetch GET 304 https://registry.npmjs.org/camelcase 78ms (from cache)
464 silly pacote range manifest for ansi-align@^2.0.0 fetched in 83ms
465 silly resolveWithNewModule ansi-align@2.0.0 checking installable status
466 http fetch GET 304 https://registry.npmjs.org/cli-boxes 86ms (from cache)
467 silly pacote range manifest for camelcase@^4.0.0 fetched in 89ms
468 silly resolveWithNewModule camelcase@4.1.0 checking installable status
469 http fetch GET 304 https://registry.npmjs.org/string-width 90ms (from cache)
470 silly pacote range manifest for cli-boxes@^1.0.0 fetched in 98ms
471 silly resolveWithNewModule cli-boxes@1.0.0 checking installable status
472 silly pacote range manifest for string-width@^2.0.0 fetched in 101ms
473 silly resolveWithNewModule string-width@2.1.1 checking installable status
474 http fetch GET 304 https://registry.npmjs.org/term-size 117ms (from cache)
475 http fetch GET 304 https://registry.npmjs.org/widest-line 118ms (from cache)
476 silly pacote range manifest for term-size@^1.2.0 fetched in 122ms
477 silly resolveWithNewModule term-size@1.2.0 checking installable status
478 silly pacote range manifest for widest-line@^2.0.0 fetched in 122ms
479 silly resolveWithNewModule widest-line@2.0.1 checking installable status
480 http fetch GET 304 https://registry.npmjs.org/strip-ansi 60ms (from cache)
481 silly pacote range manifest for strip-ansi@^4.0.0 fetched in 63ms
482 silly resolveWithNewModule strip-ansi@4.0.0 checking installable status
483 http fetch GET 304 https://registry.npmjs.org/is-fullwidth-code-point 90ms (from cache)
484 silly pacote range manifest for is-fullwidth-code-point@^2.0.0 fetched in 98ms
485 silly resolveWithNewModule is-fullwidth-code-point@2.0.0 checking installable status
486 http fetch GET 304 https://registry.npmjs.org/ansi-regex 89ms (from cache)
487 silly pacote range manifest for ansi-regex@^3.0.0 fetched in 110ms
488 silly resolveWithNewModule ansi-regex@3.0.0 checking installable status
489 http fetch GET 304 https://registry.npmjs.org/ansi-styles 86ms (from cache)
490 silly pacote range manifest for ansi-styles@^3.2.1 fetched in 90ms
491 silly resolveWithNewModule ansi-styles@3.2.1 checking installable status
492 http fetch GET 304 https://registry.npmjs.org/escape-string-regexp 92ms (from cache)
493 silly pacote range manifest for escape-string-regexp@^1.0.5 fetched in 95ms
494 silly resolveWithNewModule escape-string-regexp@1.0.5 checking installable status
495 http fetch GET 304 https://registry.npmjs.org/color-convert 40ms (from cache)
496 silly pacote range manifest for color-convert@^1.9.0 fetched in 43ms
497 silly resolveWithNewModule color-convert@1.9.3 checking installable status
498 http fetch GET 304 https://registry.npmjs.org/color-name 45ms (from cache)
499 silly pacote version manifest for color-name@1.1.3 fetched in 52ms
500 silly resolveWithNewModule color-name@1.1.3 checking installable status
501 http fetch GET 304 https://registry.npmjs.org/execa 49ms (from cache)
502 silly pacote range manifest for execa@^0.7.0 fetched in 52ms
503 silly resolveWithNewModule execa@0.7.0 checking installable status
504 http fetch GET 304 https://registry.npmjs.org/is-stream 150ms (from cache)
505 http fetch GET 304 https://registry.npmjs.org/npm-run-path 150ms (from cache)
506 http fetch GET 304 https://registry.npmjs.org/p-finally 151ms (from cache)
507 http fetch GET 304 https://registry.npmjs.org/cross-spawn 175ms (from cache)
508 http fetch GET 304 https://registry.npmjs.org/get-stream 164ms (from cache)
509 http fetch GET 304 https://registry.npmjs.org/signal-exit 169ms (from cache)
510 http fetch GET 304 https://registry.npmjs.org/strip-eof 172ms (from cache)
511 silly pacote range manifest for is-stream@^1.1.0 fetched in 181ms
512 silly resolveWithNewModule is-stream@1.1.0 checking installable status
513 silly pacote range manifest for p-finally@^1.0.0 fetched in 180ms
514 silly resolveWithNewModule p-finally@1.0.0 checking installable status
515 silly pacote range manifest for npm-run-path@^2.0.0 fetched in 183ms
516 silly resolveWithNewModule npm-run-path@2.0.2 checking installable status
517 silly pacote range manifest for cross-spawn@^5.0.1 fetched in 201ms
518 silly resolveWithNewModule cross-spawn@5.1.0 checking installable status
519 silly pacote range manifest for get-stream@^3.0.0 fetched in 189ms
520 silly resolveWithNewModule get-stream@3.0.0 checking installable status
521 silly pacote range manifest for signal-exit@^3.0.0 fetched in 185ms
522 silly resolveWithNewModule signal-exit@3.0.2 checking installable status
523 silly pacote range manifest for strip-eof@^1.0.0 fetched in 186ms
524 silly resolveWithNewModule strip-eof@1.0.0 checking installable status
525 http fetch GET 304 https://registry.npmjs.org/lru-cache 88ms (from cache)
526 http fetch GET 304 https://registry.npmjs.org/shebang-command 88ms (from cache)
527 silly pacote range manifest for lru-cache@^4.0.1 fetched in 96ms
528 silly resolveWithNewModule lru-cache@4.1.5 checking installable status
529 silly pacote range manifest for shebang-command@^1.2.0 fetched in 99ms
530 silly resolveWithNewModule shebang-command@1.2.0 checking installable status
531 http fetch GET 304 https://registry.npmjs.org/which 102ms (from cache)
532 silly pacote range manifest for which@^1.2.9 fetched in 105ms
533 silly resolveWithNewModule which@1.3.1 checking installable status
534 http fetch GET 304 https://registry.npmjs.org/yallist 41ms (from cache)
535 silly pacote range manifest for yallist@^2.1.2 fetched in 44ms
536 silly resolveWithNewModule yallist@2.1.2 checking installable status
537 http fetch GET 304 https://registry.npmjs.org/pseudomap 52ms (from cache)
538 silly pacote range manifest for pseudomap@^1.0.2 fetched in 54ms
539 silly resolveWithNewModule pseudomap@1.0.2 checking installable status
540 http fetch GET 304 https://registry.npmjs.org/shebang-regex 34ms (from cache)
541 silly pacote range manifest for shebang-regex@^1.0.0 fetched in 36ms
542 silly resolveWithNewModule shebang-regex@1.0.0 checking installable status
543 http fetch GET 304 https://registry.npmjs.org/isexe 46ms (from cache)
544 silly pacote range manifest for isexe@^2.0.0 fetched in 47ms
545 silly resolveWithNewModule isexe@2.0.0 checking installable status
546 http fetch GET 304 https://registry.npmjs.org/path-key 43ms (from cache)
547 silly pacote range manifest for path-key@^2.0.0 fetched in 46ms
548 silly resolveWithNewModule path-key@2.0.1 checking installable status
549 http fetch GET 304 https://registry.npmjs.org/make-dir 44ms (from cache)
550 http fetch GET 304 https://registry.npmjs.org/dot-prop 48ms (from cache)
551 silly pacote range manifest for make-dir@^1.0.0 fetched in 50ms
552 silly resolveWithNewModule make-dir@1.3.0 checking installable status
553 silly pacote range manifest for dot-prop@^4.1.0 fetched in 54ms
554 silly resolveWithNewModule dot-prop@4.2.0 checking installable status
555 http fetch GET 304 https://registry.npmjs.org/write-file-atomic 55ms (from cache)
556 silly pacote range manifest for write-file-atomic@^2.0.0 fetched in 59ms
557 silly resolveWithNewModule write-file-atomic@2.4.3 checking installable status
558 http fetch GET 304 https://registry.npmjs.org/unique-string 60ms (from cache)
559 silly pacote range manifest for unique-string@^1.0.0 fetched in 61ms
560 silly resolveWithNewModule unique-string@1.0.0 checking installable status
561 http fetch GET 304 https://registry.npmjs.org/is-obj 37ms (from cache)
562 silly pacote range manifest for is-obj@^1.0.0 fetched in 40ms
563 silly resolveWithNewModule is-obj@1.0.1 checking installable status
564 http fetch GET 304 https://registry.npmjs.org/pify 44ms (from cache)
565 silly pacote range manifest for pify@^3.0.0 fetched in 46ms
566 silly resolveWithNewModule pify@3.0.0 checking installable status
567 http fetch GET 304 https://registry.npmjs.org/crypto-random-string 39ms (from cache)
568 silly pacote range manifest for crypto-random-string@^1.0.0 fetched in 41ms
569 silly resolveWithNewModule crypto-random-string@1.0.0 checking installable status
570 http fetch GET 304 https://registry.npmjs.org/imurmurhash 33ms (from cache)
571 silly pacote range manifest for imurmurhash@^0.1.4 fetched in 35ms
572 silly resolveWithNewModule imurmurhash@0.1.4 checking installable status
573 http fetch GET 304 https://registry.npmjs.org/ci-info 31ms (from cache)
574 silly pacote range manifest for ci-info@^1.5.0 fetched in 33ms
575 silly resolveWithNewModule ci-info@1.6.0 checking installable status
576 http fetch GET 304 https://registry.npmjs.org/is-path-inside 50ms (from cache)
577 silly pacote range manifest for is-path-inside@^1.0.0 fetched in 54ms
578 silly resolveWithNewModule is-path-inside@1.0.1 checking installable status
579 http fetch GET 304 https://registry.npmjs.org/global-dirs 58ms (from cache)
580 silly pacote range manifest for global-dirs@^0.1.0 fetched in 61ms
581 silly resolveWithNewModule global-dirs@0.1.1 checking installable status
582 http fetch GET 304 https://registry.npmjs.org/ini 31ms (from cache)
583 silly pacote range manifest for ini@^1.3.4 fetched in 34ms
584 silly resolveWithNewModule ini@1.3.5 checking installable status
585 http fetch GET 304 https://registry.npmjs.org/path-is-inside 33ms (from cache)
586 silly pacote range manifest for path-is-inside@^1.0.1 fetched in 35ms
587 silly resolveWithNewModule path-is-inside@1.0.2 checking installable status
588 http fetch GET 304 https://registry.npmjs.org/package-json 41ms (from cache)
589 silly pacote range manifest for package-json@^4.0.0 fetched in 43ms
590 silly resolveWithNewModule package-json@4.0.1 checking installable status
591 http fetch GET 304 https://registry.npmjs.org/got 42ms (from cache)
592 silly pacote range manifest for got@^6.7.1 fetched in 46ms
593 silly resolveWithNewModule got@6.7.1 checking installable status
594 http fetch GET 304 https://registry.npmjs.org/registry-auth-token 46ms (from cache)
595 http fetch GET 304 https://registry.npmjs.org/registry-url 48ms (from cache)
596 silly pacote range manifest for registry-auth-token@^3.0.1 fetched in 49ms
597 silly resolveWithNewModule registry-auth-token@3.4.0 checking installable status
598 silly pacote range manifest for registry-url@^3.0.3 fetched in 50ms
599 silly resolveWithNewModule registry-url@3.1.0 checking installable status
600 http fetch GET 200 https://registry.npmjs.org/is-redirect 22ms (from cache)
601 silly pacote range manifest for is-redirect@^1.0.0 fetched in 24ms
602 silly resolveWithNewModule is-redirect@1.0.0 checking installable status
603 http fetch GET 304 https://registry.npmjs.org/timed-out 78ms (from cache)
604 http fetch GET 304 https://registry.npmjs.org/lowercase-keys 81ms (from cache)
605 http fetch GET 304 https://registry.npmjs.org/is-retry-allowed 82ms (from cache)
606 http fetch GET 304 https://registry.npmjs.org/duplexer3 85ms (from cache)
607 silly pacote range manifest for timed-out@^4.0.0 fetched in 85ms
608 silly resolveWithNewModule timed-out@4.0.1 checking installable status
609 silly pacote range manifest for lowercase-keys@^1.0.0 fetched in 87ms
610 silly resolveWithNewModule lowercase-keys@1.0.1 checking installable status
611 http fetch GET 304 https://registry.npmjs.org/url-parse-lax 92ms (from cache)
612 silly pacote range manifest for is-retry-allowed@^1.0.0 fetched in 95ms
613 silly resolveWithNewModule is-retry-allowed@1.1.0 checking installable status
614 http fetch GET 304 https://registry.npmjs.org/unzip-response 96ms (from cache)
615 silly pacote range manifest for duplexer3@^0.1.4 fetched in 101ms
616 silly resolveWithNewModule duplexer3@0.1.4 checking installable status
617 http fetch GET 304 https://registry.npmjs.org/create-error-class 104ms (from cache)
618 silly pacote range manifest for url-parse-lax@^1.0.0 fetched in 102ms
619 silly resolveWithNewModule url-parse-lax@1.0.0 checking installable status
620 silly pacote range manifest for unzip-response@^2.0.1 fetched in 103ms
621 silly resolveWithNewModule unzip-response@2.0.1 checking installable status
622 silly pacote range manifest for create-error-class@^3.0.0 fetched in 108ms
623 silly resolveWithNewModule create-error-class@3.0.2 checking installable status
624 http fetch GET 200 https://registry.npmjs.org/capture-stack-trace 4ms (from cache)
625 silly pacote range manifest for capture-stack-trace@^1.0.0 fetched in 6ms
626 silly resolveWithNewModule capture-stack-trace@1.0.1 checking installable status
627 http fetch GET 304 https://registry.npmjs.org/prepend-http 38ms (from cache)
628 silly pacote range manifest for prepend-http@^1.0.1 fetched in 40ms
629 silly resolveWithNewModule prepend-http@1.0.4 checking installable status
630 http fetch GET 304 https://registry.npmjs.org/rc 41ms (from cache)
631 silly pacote range manifest for rc@^1.1.6 fetched in 44ms
632 silly resolveWithNewModule rc@1.2.8 checking installable status
633 http fetch GET 304 https://registry.npmjs.org/deep-extend 33ms (from cache)
634 silly pacote range manifest for deep-extend@^0.6.0 fetched in 35ms
635 silly resolveWithNewModule deep-extend@0.6.0 checking installable status
636 http fetch GET 304 https://registry.npmjs.org/strip-json-comments 68ms (from cache)
637 silly pacote range manifest for strip-json-comments@~2.0.1 fetched in 70ms
638 silly resolveWithNewModule strip-json-comments@2.0.1 checking installable status
639 http fetch GET 304 https://registry.npmjs.org/minimist 74ms (from cache)
640 silly pacote range manifest for minimist@^1.2.0 fetched in 76ms
641 silly resolveWithNewModule minimist@1.2.0 checking installable status
642 timing stage:loadIdealTree:loadAllDepsIntoIdealTree Completed in 8236ms
643 timing stage:loadIdealTree Completed in 8434ms
644 silly currentTree lib
645 silly idealTree lib
645 silly idealTree └─┬ nodemon@1.19.1
645 silly idealTree   ├── abbrev@1.1.1
645 silly idealTree   ├── ansi-align@2.0.0
645 silly idealTree   ├── ansi-regex@3.0.0
645 silly idealTree   ├── ansi-styles@3.2.1
645 silly idealTree   ├─┬ anymatch@2.0.0
645 silly idealTree   │ └── normalize-path@2.1.1
645 silly idealTree   ├── arr-diff@4.0.0
645 silly idealTree   ├── arr-flatten@1.1.0
645 silly idealTree   ├── arr-union@3.1.0
645 silly idealTree   ├── array-unique@0.3.2
645 silly idealTree   ├── assign-symbols@1.0.0
645 silly idealTree   ├── async-each@1.0.3
645 silly idealTree   ├── atob@2.1.2
645 silly idealTree   ├── balanced-match@1.0.0
645 silly idealTree   ├─┬ base@0.11.2
645 silly idealTree   │ ├── define-property@1.0.0
645 silly idealTree   │ ├── is-accessor-descriptor@1.0.0
645 silly idealTree   │ ├── is-data-descriptor@1.0.0
645 silly idealTree   │ └── is-descriptor@1.0.2
645 silly idealTree   ├── binary-extensions@1.13.1
645 silly idealTree   ├── boxen@1.3.0
645 silly idealTree   ├── brace-expansion@1.1.11
645 silly idealTree   ├─┬ braces@2.3.2
645 silly idealTree   │ └── extend-shallow@2.0.1
645 silly idealTree   ├── cache-base@1.0.1
645 silly idealTree   ├── camelcase@4.1.0
645 silly idealTree   ├── capture-stack-trace@1.0.1
645 silly idealTree   ├── chalk@2.4.2
645 silly idealTree   ├── chokidar@2.1.6
645 silly idealTree   ├── ci-info@1.6.0
645 silly idealTree   ├─┬ class-utils@0.3.6
645 silly idealTree   │ └── define-property@0.2.5
645 silly idealTree   ├── cli-boxes@1.0.0
645 silly idealTree   ├── collection-visit@1.0.0
645 silly idealTree   ├── color-convert@1.9.3
645 silly idealTree   ├── color-name@1.1.3
645 silly idealTree   ├── component-emitter@1.3.0
645 silly idealTree   ├── concat-map@0.0.1
645 silly idealTree   ├── configstore@3.1.2
645 silly idealTree   ├── copy-descriptor@0.1.1
645 silly idealTree   ├── core-util-is@1.0.2
645 silly idealTree   ├── create-error-class@3.0.2
645 silly idealTree   ├── cross-spawn@5.1.0
645 silly idealTree   ├── crypto-random-string@1.0.0
645 silly idealTree   ├─┬ debug@3.2.6
645 silly idealTree   │ └── ms@2.1.2
645 silly idealTree   ├── decode-uri-component@0.2.0
645 silly idealTree   ├── deep-extend@0.6.0
645 silly idealTree   ├─┬ define-property@2.0.2
645 silly idealTree   │ ├── is-accessor-descriptor@1.0.0
645 silly idealTree   │ ├── is-data-descriptor@1.0.0
645 silly idealTree   │ └── is-descriptor@1.0.2
645 silly idealTree   ├── dot-prop@4.2.0
645 silly idealTree   ├── duplexer3@0.1.4
645 silly idealTree   ├── escape-string-regexp@1.0.5
645 silly idealTree   ├── execa@0.7.0
645 silly idealTree   ├─┬ expand-brackets@2.1.4
645 silly idealTree   │ ├── debug@2.6.9
645 silly idealTree   │ ├── define-property@0.2.5
645 silly idealTree   │ └── extend-shallow@2.0.1
645 silly idealTree   ├─┬ extend-shallow@3.0.2
645 silly idealTree   │ └── is-extendable@1.0.1
645 silly idealTree   ├─┬ extglob@2.0.4
645 silly idealTree   │ ├── define-property@1.0.0
645 silly idealTree   │ ├── extend-shallow@2.0.1
645 silly idealTree   │ ├── is-accessor-descriptor@1.0.0
645 silly idealTree   │ ├── is-data-descriptor@1.0.0
645 silly idealTree   │ └── is-descriptor@1.0.2
645 silly idealTree   ├─┬ fill-range@4.0.0
645 silly idealTree   │ └── extend-shallow@2.0.1
645 silly idealTree   ├── for-in@1.0.2
645 silly idealTree   ├── fragment-cache@0.2.1
645 silly idealTree   ├─┬ fsevents@1.2.9
645 silly idealTree   │ ├── abbrev@1.1.1
645 silly idealTree   │ ├── ansi-regex@2.1.1
645 silly idealTree   │ ├── aproba@1.2.0
645 silly idealTree   │ ├── are-we-there-yet@1.1.5
645 silly idealTree   │ ├── balanced-match@1.0.0
645 silly idealTree   │ ├── brace-expansion@1.1.11
645 silly idealTree   │ ├── chownr@1.1.1
645 silly idealTree   │ ├── code-point-at@1.1.0
645 silly idealTree   │ ├── concat-map@0.0.1
645 silly idealTree   │ ├── console-control-strings@1.1.0
645 silly idealTree   │ ├── core-util-is@1.0.2
645 silly idealTree   │ ├── debug@4.1.1
645 silly idealTree   │ ├── deep-extend@0.6.0
645 silly idealTree   │ ├── delegates@1.0.0
645 silly idealTree   │ ├── detect-libc@1.0.3
645 silly idealTree   │ ├── fs-minipass@1.2.5
645 silly idealTree   │ ├── fs.realpath@1.0.0
645 silly idealTree   │ ├── gauge@2.7.4
645 silly idealTree   │ ├── glob@7.1.3
645 silly idealTree   │ ├── has-unicode@2.0.1
645 silly idealTree   │ ├── iconv-lite@0.4.24
645 silly idealTree   │ ├── ignore-walk@3.0.1
645 silly idealTree   │ ├── inflight@1.0.6
645 silly idealTree   │ ├── inherits@2.0.3
645 silly idealTree   │ ├── ini@1.3.5
645 silly idealTree   │ ├── is-fullwidth-code-point@1.0.0
645 silly idealTree   │ ├── isarray@1.0.0
645 silly idealTree   │ ├── minimatch@3.0.4
645 silly idealTree   │ ├── minimist@0.0.8
645 silly idealTree   │ ├── minipass@2.3.5
645 silly idealTree   │ ├── minizlib@1.2.1
645 silly idealTree   │ ├── mkdirp@0.5.1
645 silly idealTree   │ ├── ms@2.1.1
645 silly idealTree   │ ├── needle@2.3.0
645 silly idealTree   │ ├── node-pre-gyp@0.12.0
645 silly idealTree   │ ├── nopt@4.0.1
645 silly idealTree   │ ├── npm-bundled@1.0.6
645 silly idealTree   │ ├── npm-packlist@1.4.1
645 silly idealTree   │ ├── npmlog@4.1.2
645 silly idealTree   │ ├── number-is-nan@1.0.1
645 silly idealTree   │ ├── object-assign@4.1.1
645 silly idealTree   │ ├── once@1.4.0
645 silly idealTree   │ ├── os-homedir@1.0.2
645 silly idealTree   │ ├── os-tmpdir@1.0.2
645 silly idealTree   │ ├── osenv@0.1.5
645 silly idealTree   │ ├── path-is-absolute@1.0.1
645 silly idealTree   │ ├── process-nextick-args@2.0.0
645 silly idealTree   │ ├─┬ rc@1.2.8
645 silly idealTree   │ │ └── minimist@1.2.0
645 silly idealTree   │ ├── readable-stream@2.3.6
645 silly idealTree   │ ├── rimraf@2.6.3
645 silly idealTree   │ ├── safe-buffer@5.1.2
645 silly idealTree   │ ├── safer-buffer@2.1.2
645 silly idealTree   │ ├── sax@1.2.4
645 silly idealTree   │ ├── semver@5.7.0
645 silly idealTree   │ ├── set-blocking@2.0.0
645 silly idealTree   │ ├── signal-exit@3.0.2
645 silly idealTree   │ ├── string_decoder@1.1.1
645 silly idealTree   │ ├── string-width@1.0.2
645 silly idealTree   │ ├── strip-ansi@3.0.1
645 silly idealTree   │ ├── strip-json-comments@2.0.1
645 silly idealTree   │ ├── tar@4.4.8
645 silly idealTree   │ ├── util-deprecate@1.0.2
645 silly idealTree   │ ├── wide-align@1.1.3
645 silly idealTree   │ ├── wrappy@1.0.2
645 silly idealTree   │ └── yallist@3.0.3
645 silly idealTree   ├── get-stream@3.0.0
645 silly idealTree   ├── get-value@2.0.6
645 silly idealTree   ├─┬ glob-parent@3.1.0
645 silly idealTree   │ └── is-glob@3.1.0
645 silly idealTree   ├── global-dirs@0.1.1
645 silly idealTree   ├── got@6.7.1
645 silly idealTree   ├── graceful-fs@4.2.0
645 silly idealTree   ├── has-flag@3.0.0
645 silly idealTree   ├── has-value@1.0.0
645 silly idealTree   ├─┬ has-values@1.0.0
645 silly idealTree   │ └── kind-of@4.0.0
645 silly idealTree   ├── ignore-by-default@1.0.1
645 silly idealTree   ├── import-lazy@2.1.0
645 silly idealTree   ├── imurmurhash@0.1.4
645 silly idealTree   ├── inherits@2.0.4
645 silly idealTree   ├── ini@1.3.5
645 silly idealTree   ├─┬ is-accessor-descriptor@0.1.6
645 silly idealTree   │ └── kind-of@3.2.2
645 silly idealTree   ├── is-binary-path@1.0.1
645 silly idealTree   ├── is-buffer@1.1.6
645 silly idealTree   ├── is-ci@1.2.1
645 silly idealTree   ├─┬ is-data-descriptor@0.1.4
645 silly idealTree   │ └── kind-of@3.2.2
645 silly idealTree   ├─┬ is-descriptor@0.1.6
645 silly idealTree   │ └── kind-of@5.1.0
645 silly idealTree   ├── is-extendable@0.1.1
645 silly idealTree   ├── is-extglob@2.1.1
645 silly idealTree   ├── is-fullwidth-code-point@2.0.0
645 silly idealTree   ├── is-glob@4.0.1
645 silly idealTree   ├── is-installed-globally@0.1.0
645 silly idealTree   ├── is-npm@1.0.0
645 silly idealTree   ├─┬ is-number@3.0.0
645 silly idealTree   │ └── kind-of@3.2.2
645 silly idealTree   ├── is-obj@1.0.1
645 silly idealTree   ├── is-path-inside@1.0.1
645 silly idealTree   ├── is-plain-object@2.0.4
645 silly idealTree   ├── is-redirect@1.0.0
645 silly idealTree   ├── is-retry-allowed@1.1.0
645 silly idealTree   ├── is-stream@1.1.0
645 silly idealTree   ├── is-windows@1.0.2
645 silly idealTree   ├── isarray@1.0.0
645 silly idealTree   ├── isexe@2.0.0
645 silly idealTree   ├── isobject@3.0.1
645 silly idealTree   ├── kind-of@6.0.2
645 silly idealTree   ├── latest-version@3.1.0
645 silly idealTree   ├── lowercase-keys@1.0.1
645 silly idealTree   ├── lru-cache@4.1.5
645 silly idealTree   ├── make-dir@1.3.0
645 silly idealTree   ├── map-cache@0.2.2
645 silly idealTree   ├── map-visit@1.0.0
645 silly idealTree   ├── micromatch@3.1.10
645 silly idealTree   ├── minimatch@3.0.4
645 silly idealTree   ├── minimist@1.2.0
645 silly idealTree   ├─┬ mixin-deep@1.3.2
645 silly idealTree   │ └── is-extendable@1.0.1
645 silly idealTree   ├── ms@2.0.0
645 silly idealTree   ├── nan@2.14.0
645 silly idealTree   ├── nanomatch@1.2.13
645 silly idealTree   ├── nopt@1.0.10
645 silly idealTree   ├── normalize-path@3.0.0
645 silly idealTree   ├── npm-run-path@2.0.2
645 silly idealTree   ├─┬ object-copy@0.1.0
645 silly idealTree   │ ├── define-property@0.2.5
645 silly idealTree   │ └── kind-of@3.2.2
645 silly idealTree   ├── object-visit@1.0.1
645 silly idealTree   ├── object.pick@1.3.0
645 silly idealTree   ├── p-finally@1.0.0
645 silly idealTree   ├── package-json@4.0.1
645 silly idealTree   ├── pascalcase@0.1.1
645 silly idealTree   ├── path-dirname@1.0.2
645 silly idealTree   ├── path-is-absolute@1.0.1
645 silly idealTree   ├── path-is-inside@1.0.2
645 silly idealTree   ├── path-key@2.0.1
645 silly idealTree   ├── pify@3.0.0
645 silly idealTree   ├── posix-character-classes@0.1.1
645 silly idealTree   ├── prepend-http@1.0.4
645 silly idealTree   ├── process-nextick-args@2.0.1
645 silly idealTree   ├── pseudomap@1.0.2
645 silly idealTree   ├── pstree.remy@1.1.7
645 silly idealTree   ├── rc@1.2.8
645 silly idealTree   ├── readable-stream@2.3.6
645 silly idealTree   ├── readdirp@2.2.1
645 silly idealTree   ├── regex-not@1.0.2
645 silly idealTree   ├── registry-auth-token@3.4.0
645 silly idealTree   ├── registry-url@3.1.0
645 silly idealTree   ├── remove-trailing-separator@1.1.0
645 silly idealTree   ├── repeat-element@1.1.3
645 silly idealTree   ├── repeat-string@1.6.1
645 silly idealTree   ├── resolve-url@0.2.1
645 silly idealTree   ├── ret@0.1.15
645 silly idealTree   ├── safe-buffer@5.1.2
645 silly idealTree   ├── safe-regex@1.1.0
645 silly idealTree   ├── semver-diff@2.1.0
645 silly idealTree   ├── semver@5.7.0
645 silly idealTree   ├─┬ set-value@2.0.1
645 silly idealTree   │ └── extend-shallow@2.0.1
645 silly idealTree   ├── shebang-command@1.2.0
645 silly idealTree   ├── shebang-regex@1.0.0
645 silly idealTree   ├── signal-exit@3.0.2
645 silly idealTree   ├─┬ snapdragon-node@2.1.1
645 silly idealTree   │ ├── define-property@1.0.0
645 silly idealTree   │ ├── is-accessor-descriptor@1.0.0
645 silly idealTree   │ ├── is-data-descriptor@1.0.0
645 silly idealTree   │ └── is-descriptor@1.0.2
645 silly idealTree   ├─┬ snapdragon-util@3.0.1
645 silly idealTree   │ └── kind-of@3.2.2
645 silly idealTree   ├─┬ snapdragon@0.8.2
645 silly idealTree   │ ├── debug@2.6.9
645 silly idealTree   │ ├── define-property@0.2.5
645 silly idealTree   │ └── extend-shallow@2.0.1
645 silly idealTree   ├── source-map-resolve@0.5.2
645 silly idealTree   ├── source-map-url@0.4.0
645 silly idealTree   ├── source-map@0.5.7
645 silly idealTree   ├── split-string@3.1.0
645 silly idealTree   ├─┬ static-extend@0.1.2
645 silly idealTree   │ └── define-property@0.2.5
645 silly idealTree   ├── string_decoder@1.1.1
645 silly idealTree   ├── string-width@2.1.1
645 silly idealTree   ├── strip-ansi@4.0.0
645 silly idealTree   ├── strip-eof@1.0.0
645 silly idealTree   ├── strip-json-comments@2.0.1
645 silly idealTree   ├── supports-color@5.5.0
645 silly idealTree   ├── term-size@1.2.0
645 silly idealTree   ├── timed-out@4.0.1
645 silly idealTree   ├─┬ to-object-path@0.3.0
645 silly idealTree   │ └── kind-of@3.2.2
645 silly idealTree   ├── to-regex-range@2.1.1
645 silly idealTree   ├── to-regex@3.0.2
645 silly idealTree   ├── touch@3.1.0
645 silly idealTree   ├─┬ undefsafe@2.0.2
645 silly idealTree   │ └── debug@2.6.9
645 silly idealTree   ├── union-value@1.0.1
645 silly idealTree   ├── unique-string@1.0.0
645 silly idealTree   ├─┬ unset-value@1.0.0
645 silly idealTree   │ ├─┬ has-value@0.3.1
645 silly idealTree   │ │ └── isobject@2.1.0
645 silly idealTree   │ └── has-values@0.1.4
645 silly idealTree   ├── unzip-response@2.0.1
645 silly idealTree   ├── upath@1.1.2
645 silly idealTree   ├── update-notifier@2.5.0
645 silly idealTree   ├── urix@0.1.0
645 silly idealTree   ├── url-parse-lax@1.0.0
645 silly idealTree   ├── use@3.1.1
645 silly idealTree   ├── util-deprecate@1.0.2
645 silly idealTree   ├── which@1.3.1
645 silly idealTree   ├── widest-line@2.0.1
645 silly idealTree   ├── write-file-atomic@2.4.3
645 silly idealTree   ├── xdg-basedir@3.0.0
645 silly idealTree   └── yallist@2.1.2
646 silly install generateActionsToTake
647 warn checkPermissions Missing write access to /usr/local/lib/node_modules
648 timing stage:rollbackFailedOptional Completed in 1ms
649 timing stage:runTopLevelLifecycles Completed in 8769ms
650 verbose stack Error: EACCES: permission denied, access '/usr/local/lib/node_modules'
651 verbose cwd /Users/operationlipstick/Downloads/colorborate1-master 2
652 verbose Darwin 16.7.0
653 verbose argv "/usr/local/bin/node" "/usr/local/bin/npm" "install" "-g" "nodemon"
654 verbose node v10.16.0
655 verbose npm  v6.9.0
656 error path /usr/local/lib/node_modules
657 error code EACCES
658 error errno -13
659 error syscall access
660 error Error: EACCES: permission denied, access '/usr/local/lib/node_modules'
660 error  { [Error: EACCES: permission denied, access '/usr/local/lib/node_modules']
660 error   stack:
660 error    'Error: EACCES: permission denied, access \'/usr/local/lib/node_modules\'',
660 error   errno: -13,
660 error   code: 'EACCES',
660 error   syscall: 'access',
660 error   path: '/usr/local/lib/node_modules' }
661 error The operation was rejected by your operating system.
661 error It is likely you do not have the permissions to access this file as the current user
661 error
661 error If you believe this might be a permissions issue, please double-check the
661 error permissions of the file and its containing directories, or try running
661 error the command again as root/Administrator (though this is not recommended).
662 verbose exit [ -13, true ]
